{"/Users/richard/Desktop/cp4/Yummy-Recipes-Reactjs/src/index.js": {"data":{"path":"/Users/richard/Desktop/cp4/Yummy-Recipes-Reactjs/src/index.js","statementMap":{"0":{"start":{"line":1,"column":32},"end":{"line":1,"column":95}},"1":{"start":{"line":1,"column":109},"end":{"line":1,"column":125}},"2":{"start":{"line":1,"column":140},"end":{"line":1,"column":170}},"3":{"start":{"line":2,"column":16},"end":{"line":2,"column":36}},"4":{"start":{"line":3,"column":22},"end":{"line":3,"column":49}},"5":{"start":{"line":5,"column":12},"end":{"line":5,"column":44}},"6":{"start":{"line":6,"column":14},"end":{"line":6,"column":48}},"7":{"start":{"line":7,"column":13},"end":{"line":7,"column":46}},"8":{"start":{"line":8,"column":17},"end":{"line":8,"column":54}},"9":{"start":{"line":8,"column":93},"end":{"line":8,"column":147}},"10":{"start":{"line":12,"column":4},"end":{"line":25,"column":217}},"11":{"start":{"line":31,"column":0},"end":{"line":31,"column":168}}},"fnMap":{"0":{"name":"_interopRequireDefault","decl":{"start":{"line":8,"column":64},"end":{"line":8,"column":86}},"loc":{"start":{"line":8,"column":92},"end":{"line":8,"column":148}},"line":8},"1":{"name":"(anonymous_1)","decl":{"start":{"line":11,"column":2},"end":{"line":11,"column":3}},"loc":{"start":{"line":11,"column":11},"end":{"line":29,"column":3}},"line":11}},"branchMap":{"0":{"loc":{"start":{"line":8,"column":100},"end":{"line":8,"column":146}},"type":"cond-expr","locations":[{"start":{"line":8,"column":124},"end":{"line":8,"column":127}},{"start":{"line":8,"column":130},"end":{"line":8,"column":146}}],"line":8},"1":{"loc":{"start":{"line":8,"column":100},"end":{"line":8,"column":121}},"type":"binary-expr","locations":[{"start":{"line":8,"column":100},"end":{"line":8,"column":103}},{"start":{"line":8,"column":107},"end":{"line":8,"column":121}}],"line":8}},"s":{"0":0,"1":0,"2":0,"3":0,"4":0,"5":0,"6":0,"7":0,"8":0,"9":0,"10":0,"11":0},"f":{"0":0,"1":0},"b":{"0":[0,0],"1":[0,0]}}}
,"/Users/richard/Desktop/cp4/Yummy-Recipes-Reactjs/src/setupTests.js": {"data":{"path":"/Users/richard/Desktop/cp4/Yummy-Recipes-Reactjs/src/setupTests.js","statementMap":{"0":{"start":{"line":5,"column":0},"end":{"line":5,"column":38}}},"fnMap":{},"branchMap":{},"s":{"0":2},"f":{},"b":{},"_coverageSchema":"332fd63041d2c1bcb487cc26dd0d5f7d97098a6c","hash":"577a360f757af84c90e2028a3e695bbab31430f8"}}
,"/Users/richard/Desktop/cp4/Yummy-Recipes-Reactjs/src/app/components/Aboutus.js": {"data":{"path":"/Users/richard/Desktop/cp4/Yummy-Recipes-Reactjs/src/app/components/Aboutus.js","statementMap":{"0":{"start":{"line":1,"column":13},"end":{"line":1,"column":75}},"1":{"start":{"line":1,"column":75},"end":{"line":1,"column":103}},"2":{"start":{"line":1,"column":122},"end":{"line":1,"column":202}},"3":{"start":{"line":1,"column":216},"end":{"line":1,"column":232}},"4":{"start":{"line":1,"column":247},"end":{"line":1,"column":277}},"5":{"start":{"line":1,"column":316},"end":{"line":1,"column":370}},"6":{"start":{"line":5,"column":4},"end":{"line":7,"column":164}},"7":{"start":{"line":10,"column":4},"end":{"line":10,"column":30}}},"fnMap":{"0":{"name":"_interopRequireDefault","decl":{"start":{"line":1,"column":287},"end":{"line":1,"column":309}},"loc":{"start":{"line":1,"column":315},"end":{"line":1,"column":371}},"line":1},"1":{"name":"(anonymous_1)","decl":{"start":{"line":4,"column":2},"end":{"line":4,"column":3}},"loc":{"start":{"line":4,"column":11},"end":{"line":10,"column":3}},"line":4}},"branchMap":{"0":{"loc":{"start":{"line":1,"column":323},"end":{"line":1,"column":369}},"type":"cond-expr","locations":[{"start":{"line":1,"column":347},"end":{"line":1,"column":350}},{"start":{"line":1,"column":353},"end":{"line":1,"column":369}}],"line":1},"1":{"loc":{"start":{"line":1,"column":323},"end":{"line":1,"column":344}},"type":"binary-expr","locations":[{"start":{"line":1,"column":323},"end":{"line":1,"column":326}},{"start":{"line":1,"column":330},"end":{"line":1,"column":344}}],"line":1}},"s":{"0":0,"1":0,"2":0,"3":0,"4":0,"5":0,"6":0,"7":0},"f":{"0":0,"1":0},"b":{"0":[0,0],"1":[0,0]}}}
,"/Users/richard/Desktop/cp4/Yummy-Recipes-Reactjs/src/app/components/AddCategory.js": {"data":{"path":"/Users/richard/Desktop/cp4/Yummy-Recipes-Reactjs/src/app/components/AddCategory.js","statementMap":{"0":{"start":{"line":1,"column":13},"end":{"line":1,"column":75}},"1":{"start":{"line":1,"column":75},"end":{"line":1,"column":107}},"2":{"start":{"line":1,"column":126},"end":{"line":1,"column":210}},"3":{"start":{"line":1,"column":224},"end":{"line":1,"column":240}},"4":{"start":{"line":1,"column":255},"end":{"line":1,"column":285}},"5":{"start":{"line":3,"column":15},"end":{"line":3,"column":42}},"6":{"start":{"line":3,"column":57},"end":{"line":3,"column":90}},"7":{"start":{"line":3,"column":130},"end":{"line":3,"column":346}},"8":{"start":{"line":3,"column":158},"end":{"line":3,"column":169}},"9":{"start":{"line":3,"column":190},"end":{"line":3,"column":192}},"10":{"start":{"line":3,"column":193},"end":{"line":3,"column":310}},"11":{"start":{"line":3,"column":211},"end":{"line":3,"column":309}},"12":{"start":{"line":3,"column":233},"end":{"line":3,"column":308}},"13":{"start":{"line":3,"column":285},"end":{"line":3,"column":308}},"14":{"start":{"line":3,"column":310},"end":{"line":3,"column":331}},"15":{"start":{"line":3,"column":331},"end":{"line":3,"column":345}},"16":{"start":{"line":3,"column":385},"end":{"line":3,"column":439}},"17":{"start":{"line":7,"column":19},"end":{"line":7,"column":31}},"18":{"start":{"line":8,"column":18},"end":{"line":8,"column":30}},"19":{"start":{"line":9,"column":17},"end":{"line":9,"column":28}},"20":{"start":{"line":10,"column":4},"end":{"line":11,"column":23}},"21":{"start":{"line":15,"column":4},"end":{"line":49,"column":195}},"22":{"start":{"line":56,"column":4},"end":{"line":56,"column":38}}},"fnMap":{"0":{"name":"_interopRequireWildcard","decl":{"start":{"line":3,"column":100},"end":{"line":3,"column":123}},"loc":{"start":{"line":3,"column":129},"end":{"line":3,"column":347}},"line":3},"1":{"name":"_interopRequireDefault","decl":{"start":{"line":3,"column":356},"end":{"line":3,"column":378}},"loc":{"start":{"line":3,"column":384},"end":{"line":3,"column":440}},"line":3},"2":{"name":"(anonymous_2)","decl":{"start":{"line":6,"column":2},"end":{"line":6,"column":3}},"loc":{"start":{"line":6,"column":27},"end":{"line":13,"column":3}},"line":6},"3":{"name":"(anonymous_3)","decl":{"start":{"line":14,"column":2},"end":{"line":14,"column":3}},"loc":{"start":{"line":14,"column":11},"end":{"line":56,"column":3}},"line":14}},"branchMap":{"0":{"loc":{"start":{"line":3,"column":130},"end":{"line":3,"column":346}},"type":"if","locations":[{"start":{"line":3,"column":130},"end":{"line":3,"column":346}},{"start":{"line":3,"column":130},"end":{"line":3,"column":346}}],"line":3},"1":{"loc":{"start":{"line":3,"column":134},"end":{"line":3,"column":155}},"type":"binary-expr","locations":[{"start":{"line":3,"column":134},"end":{"line":3,"column":137}},{"start":{"line":3,"column":141},"end":{"line":3,"column":155}}],"line":3},"2":{"loc":{"start":{"line":3,"column":193},"end":{"line":3,"column":310}},"type":"if","locations":[{"start":{"line":3,"column":193},"end":{"line":3,"column":310}},{"start":{"line":3,"column":193},"end":{"line":3,"column":310}}],"line":3},"3":{"loc":{"start":{"line":3,"column":233},"end":{"line":3,"column":308}},"type":"if","locations":[{"start":{"line":3,"column":233},"end":{"line":3,"column":308}},{"start":{"line":3,"column":233},"end":{"line":3,"column":308}}],"line":3},"4":{"loc":{"start":{"line":3,"column":392},"end":{"line":3,"column":438}},"type":"cond-expr","locations":[{"start":{"line":3,"column":416},"end":{"line":3,"column":419}},{"start":{"line":3,"column":422},"end":{"line":3,"column":438}}],"line":3},"5":{"loc":{"start":{"line":3,"column":392},"end":{"line":3,"column":413}},"type":"binary-expr","locations":[{"start":{"line":3,"column":392},"end":{"line":3,"column":395}},{"start":{"line":3,"column":399},"end":{"line":3,"column":413}}],"line":3}},"s":{"0":0,"1":0,"2":0,"3":0,"4":0,"5":0,"6":0,"7":0,"8":0,"9":0,"10":0,"11":0,"12":0,"13":0,"14":0,"15":0,"16":0,"17":0,"18":0,"19":0,"20":0,"21":0,"22":0},"f":{"0":0,"1":0,"2":0,"3":0},"b":{"0":[0,0],"1":[0,0],"2":[0,0],"3":[0,0],"4":[0,0],"5":[0,0]}}}
,"/Users/richard/Desktop/cp4/Yummy-Recipes-Reactjs/src/app/components/AddRecipe.js": {"data":{"path":"/Users/richard/Desktop/cp4/Yummy-Recipes-Reactjs/src/app/components/AddRecipe.js","statementMap":{"0":{"start":{"line":1,"column":13},"end":{"line":1,"column":75}},"1":{"start":{"line":1,"column":75},"end":{"line":1,"column":105}},"2":{"start":{"line":1,"column":124},"end":{"line":1,"column":206}},"3":{"start":{"line":1,"column":220},"end":{"line":1,"column":236}},"4":{"start":{"line":1,"column":251},"end":{"line":1,"column":281}},"5":{"start":{"line":3,"column":15},"end":{"line":3,"column":42}},"6":{"start":{"line":3,"column":57},"end":{"line":3,"column":90}},"7":{"start":{"line":3,"column":130},"end":{"line":3,"column":346}},"8":{"start":{"line":3,"column":158},"end":{"line":3,"column":169}},"9":{"start":{"line":3,"column":190},"end":{"line":3,"column":192}},"10":{"start":{"line":3,"column":193},"end":{"line":3,"column":310}},"11":{"start":{"line":3,"column":211},"end":{"line":3,"column":309}},"12":{"start":{"line":3,"column":233},"end":{"line":3,"column":308}},"13":{"start":{"line":3,"column":285},"end":{"line":3,"column":308}},"14":{"start":{"line":3,"column":310},"end":{"line":3,"column":331}},"15":{"start":{"line":3,"column":331},"end":{"line":3,"column":345}},"16":{"start":{"line":3,"column":385},"end":{"line":3,"column":439}},"17":{"start":{"line":5,"column":12},"end":{"line":5,"column":64}},"18":{"start":{"line":9,"column":4},"end":{"line":9,"column":17}},"19":{"start":{"line":10,"column":4},"end":{"line":10,"column":29}},"20":{"start":{"line":11,"column":4},"end":{"line":12,"column":70}},"21":{"start":{"line":17,"column":19},"end":{"line":17,"column":31}},"22":{"start":{"line":18,"column":18},"end":{"line":18,"column":30}},"23":{"start":{"line":19,"column":17},"end":{"line":19,"column":28}},"24":{"start":{"line":21,"column":4},"end":{"line":22,"column":23}},"25":{"start":{"line":26,"column":4},"end":{"line":73,"column":200}},"26":{"start":{"line":43,"column":16},"end":{"line":43,"column":174}},"27":{"start":{"line":80,"column":4},"end":{"line":80,"column":34}}},"fnMap":{"0":{"name":"_interopRequireWildcard","decl":{"start":{"line":3,"column":100},"end":{"line":3,"column":123}},"loc":{"start":{"line":3,"column":129},"end":{"line":3,"column":347}},"line":3},"1":{"name":"_interopRequireDefault","decl":{"start":{"line":3,"column":356},"end":{"line":3,"column":378}},"loc":{"start":{"line":3,"column":384},"end":{"line":3,"column":440}},"line":3},"2":{"name":"(anonymous_2)","decl":{"start":{"line":8,"column":2},"end":{"line":8,"column":3}},"loc":{"start":{"line":8,"column":21},"end":{"line":14,"column":3}},"line":8},"3":{"name":"(anonymous_3)","decl":{"start":{"line":16,"column":2},"end":{"line":16,"column":3}},"loc":{"start":{"line":16,"column":27},"end":{"line":24,"column":3}},"line":16},"4":{"name":"(anonymous_4)","decl":{"start":{"line":25,"column":2},"end":{"line":25,"column":3}},"loc":{"start":{"line":25,"column":11},"end":{"line":80,"column":3}},"line":25},"5":{"name":"(anonymous_5)","decl":{"start":{"line":42,"column":70},"end":{"line":42,"column":71}},"loc":{"start":{"line":43,"column":16},"end":{"line":43,"column":174}},"line":43}},"branchMap":{"0":{"loc":{"start":{"line":3,"column":130},"end":{"line":3,"column":346}},"type":"if","locations":[{"start":{"line":3,"column":130},"end":{"line":3,"column":346}},{"start":{"line":3,"column":130},"end":{"line":3,"column":346}}],"line":3},"1":{"loc":{"start":{"line":3,"column":134},"end":{"line":3,"column":155}},"type":"binary-expr","locations":[{"start":{"line":3,"column":134},"end":{"line":3,"column":137}},{"start":{"line":3,"column":141},"end":{"line":3,"column":155}}],"line":3},"2":{"loc":{"start":{"line":3,"column":193},"end":{"line":3,"column":310}},"type":"if","locations":[{"start":{"line":3,"column":193},"end":{"line":3,"column":310}},{"start":{"line":3,"column":193},"end":{"line":3,"column":310}}],"line":3},"3":{"loc":{"start":{"line":3,"column":233},"end":{"line":3,"column":308}},"type":"if","locations":[{"start":{"line":3,"column":233},"end":{"line":3,"column":308}},{"start":{"line":3,"column":233},"end":{"line":3,"column":308}}],"line":3},"4":{"loc":{"start":{"line":3,"column":392},"end":{"line":3,"column":438}},"type":"cond-expr","locations":[{"start":{"line":3,"column":416},"end":{"line":3,"column":419}},{"start":{"line":3,"column":422},"end":{"line":3,"column":438}}],"line":3},"5":{"loc":{"start":{"line":3,"column":392},"end":{"line":3,"column":413}},"type":"binary-expr","locations":[{"start":{"line":3,"column":392},"end":{"line":3,"column":395}},{"start":{"line":3,"column":399},"end":{"line":3,"column":413}}],"line":3},"6":{"loc":{"start":{"line":42,"column":16},"end":{"line":44,"column":142}},"type":"cond-expr","locations":[{"start":{"line":42,"column":42},"end":{"line":43,"column":175}},{"start":{"line":44,"column":16},"end":{"line":44,"column":142}}],"line":42}},"s":{"0":0,"1":0,"2":0,"3":0,"4":0,"5":0,"6":0,"7":0,"8":0,"9":0,"10":0,"11":0,"12":0,"13":0,"14":0,"15":0,"16":0,"17":0,"18":0,"19":0,"20":0,"21":0,"22":0,"23":0,"24":0,"25":0,"26":0,"27":0},"f":{"0":0,"1":0,"2":0,"3":0,"4":0,"5":0},"b":{"0":[0,0],"1":[0,0],"2":[0,0],"3":[0,0],"4":[0,0],"5":[0,0],"6":[0,0]}}}
,"/Users/richard/Desktop/cp4/Yummy-Recipes-Reactjs/src/app/components/CategoryReport.js": {"data":{"path":"/Users/richard/Desktop/cp4/Yummy-Recipes-Reactjs/src/app/components/CategoryReport.js","statementMap":{"0":{"start":{"line":1,"column":13},"end":{"line":1,"column":75}},"1":{"start":{"line":1,"column":75},"end":{"line":1,"column":110}},"2":{"start":{"line":1,"column":129},"end":{"line":1,"column":216}},"3":{"start":{"line":1,"column":230},"end":{"line":1,"column":246}},"4":{"start":{"line":1,"column":261},"end":{"line":1,"column":291}},"5":{"start":{"line":3,"column":15},"end":{"line":3,"column":42}},"6":{"start":{"line":3,"column":57},"end":{"line":3,"column":90}},"7":{"start":{"line":3,"column":130},"end":{"line":3,"column":346}},"8":{"start":{"line":3,"column":158},"end":{"line":3,"column":169}},"9":{"start":{"line":3,"column":190},"end":{"line":3,"column":192}},"10":{"start":{"line":3,"column":193},"end":{"line":3,"column":310}},"11":{"start":{"line":3,"column":211},"end":{"line":3,"column":309}},"12":{"start":{"line":3,"column":233},"end":{"line":3,"column":308}},"13":{"start":{"line":3,"column":285},"end":{"line":3,"column":308}},"14":{"start":{"line":3,"column":310},"end":{"line":3,"column":331}},"15":{"start":{"line":3,"column":331},"end":{"line":3,"column":345}},"16":{"start":{"line":3,"column":385},"end":{"line":3,"column":439}},"17":{"start":{"line":7,"column":4},"end":{"line":7,"column":17}},"18":{"start":{"line":8,"column":21},"end":{"line":8,"column":67}},"19":{"start":{"line":9,"column":4},"end":{"line":16,"column":40}},"20":{"start":{"line":20,"column":18},"end":{"line":20,"column":36}},"21":{"start":{"line":21,"column":4},"end":{"line":21,"column":31}},"22":{"start":{"line":22,"column":4},"end":{"line":23,"column":23}},"23":{"start":{"line":27,"column":4},"end":{"line":29,"column":5}},"24":{"start":{"line":28,"column":6},"end":{"line":28,"column":33}},"25":{"start":{"line":30,"column":28},"end":{"line":32,"column":6}},"26":{"start":{"line":31,"column":6},"end":{"line":31,"column":25}},"27":{"start":{"line":33,"column":4},"end":{"line":33,"column":53}},"28":{"start":{"line":36,"column":4},"end":{"line":37,"column":20}},"29":{"start":{"line":41,"column":4},"end":{"line":41,"column":27}},"30":{"start":{"line":42,"column":4},"end":{"line":44,"column":5}},"31":{"start":{"line":43,"column":6},"end":{"line":43,"column":30}},"32":{"start":{"line":45,"column":4},"end":{"line":45,"column":30}},"33":{"start":{"line":48,"column":20},"end":{"line":48,"column":66}},"34":{"start":{"line":49,"column":33},"end":{"line":52,"column":32}},"35":{"start":{"line":51,"column":6},"end":{"line":51,"column":75}},"36":{"start":{"line":53,"column":29},"end":{"line":53,"column":31}},"37":{"start":{"line":54,"column":4},"end":{"line":66,"column":5}},"38":{"start":{"line":55,"column":6},"end":{"line":65,"column":7}},"39":{"start":{"line":56,"column":8},"end":{"line":61,"column":17}},"40":{"start":{"line":67,"column":4},"end":{"line":240,"column":153}},"41":{"start":{"line":99,"column":14},"end":{"line":198,"column":204}},"42":{"start":{"line":243,"column":4},"end":{"line":243,"column":44}}},"fnMap":{"0":{"name":"_interopRequireWildcard","decl":{"start":{"line":3,"column":100},"end":{"line":3,"column":123}},"loc":{"start":{"line":3,"column":129},"end":{"line":3,"column":347}},"line":3},"1":{"name":"_interopRequireDefault","decl":{"start":{"line":3,"column":356},"end":{"line":3,"column":378}},"loc":{"start":{"line":3,"column":384},"end":{"line":3,"column":440}},"line":3},"2":{"name":"(anonymous_2)","decl":{"start":{"line":6,"column":2},"end":{"line":6,"column":3}},"loc":{"start":{"line":6,"column":21},"end":{"line":18,"column":3}},"line":6},"3":{"name":"(anonymous_3)","decl":{"start":{"line":19,"column":2},"end":{"line":19,"column":3}},"loc":{"start":{"line":19,"column":27},"end":{"line":25,"column":3}},"line":19},"4":{"name":"(anonymous_4)","decl":{"start":{"line":26,"column":2},"end":{"line":26,"column":3}},"loc":{"start":{"line":26,"column":34},"end":{"line":34,"column":3}},"line":26},"5":{"name":"(anonymous_5)","decl":{"start":{"line":30,"column":59},"end":{"line":30,"column":60}},"loc":{"start":{"line":30,"column":75},"end":{"line":32,"column":5}},"line":30},"6":{"name":"(anonymous_6)","decl":{"start":{"line":35,"column":2},"end":{"line":35,"column":3}},"loc":{"start":{"line":35,"column":17},"end":{"line":39,"column":3}},"line":35},"7":{"name":"(anonymous_7)","decl":{"start":{"line":40,"column":2},"end":{"line":40,"column":3}},"loc":{"start":{"line":40,"column":32},"end":{"line":46,"column":3}},"line":40},"8":{"name":"(anonymous_8)","decl":{"start":{"line":47,"column":2},"end":{"line":47,"column":3}},"loc":{"start":{"line":47,"column":11},"end":{"line":243,"column":3}},"line":47},"9":{"name":"(anonymous_9)","decl":{"start":{"line":50,"column":4},"end":{"line":50,"column":5}},"loc":{"start":{"line":50,"column":16},"end":{"line":52,"column":5}},"line":50},"10":{"name":"(anonymous_10)","decl":{"start":{"line":98,"column":39},"end":{"line":98,"column":40}},"loc":{"start":{"line":99,"column":14},"end":{"line":198,"column":204}},"line":99}},"branchMap":{"0":{"loc":{"start":{"line":3,"column":130},"end":{"line":3,"column":346}},"type":"if","locations":[{"start":{"line":3,"column":130},"end":{"line":3,"column":346}},{"start":{"line":3,"column":130},"end":{"line":3,"column":346}}],"line":3},"1":{"loc":{"start":{"line":3,"column":134},"end":{"line":3,"column":155}},"type":"binary-expr","locations":[{"start":{"line":3,"column":134},"end":{"line":3,"column":137}},{"start":{"line":3,"column":141},"end":{"line":3,"column":155}}],"line":3},"2":{"loc":{"start":{"line":3,"column":193},"end":{"line":3,"column":310}},"type":"if","locations":[{"start":{"line":3,"column":193},"end":{"line":3,"column":310}},{"start":{"line":3,"column":193},"end":{"line":3,"column":310}}],"line":3},"3":{"loc":{"start":{"line":3,"column":233},"end":{"line":3,"column":308}},"type":"if","locations":[{"start":{"line":3,"column":233},"end":{"line":3,"column":308}},{"start":{"line":3,"column":233},"end":{"line":3,"column":308}}],"line":3},"4":{"loc":{"start":{"line":3,"column":392},"end":{"line":3,"column":438}},"type":"cond-expr","locations":[{"start":{"line":3,"column":416},"end":{"line":3,"column":419}},{"start":{"line":3,"column":422},"end":{"line":3,"column":438}}],"line":3},"5":{"loc":{"start":{"line":3,"column":392},"end":{"line":3,"column":413}},"type":"binary-expr","locations":[{"start":{"line":3,"column":392},"end":{"line":3,"column":395}},{"start":{"line":3,"column":399},"end":{"line":3,"column":413}}],"line":3},"6":{"loc":{"start":{"line":27,"column":4},"end":{"line":29,"column":5}},"type":"if","locations":[{"start":{"line":27,"column":4},"end":{"line":29,"column":5}},{"start":{"line":27,"column":4},"end":{"line":29,"column":5}}],"line":27},"7":{"loc":{"start":{"line":42,"column":4},"end":{"line":44,"column":5}},"type":"if","locations":[{"start":{"line":42,"column":4},"end":{"line":44,"column":5}},{"start":{"line":42,"column":4},"end":{"line":44,"column":5}}],"line":42},"8":{"loc":{"start":{"line":49,"column":33},"end":{"line":52,"column":32}},"type":"cond-expr","locations":[{"start":{"line":49,"column":59},"end":{"line":52,"column":6}},{"start":{"line":52,"column":9},"end":{"line":52,"column":32}}],"line":49},"9":{"loc":{"start":{"line":54,"column":4},"end":{"line":66,"column":5}},"type":"if","locations":[{"start":{"line":54,"column":4},"end":{"line":66,"column":5}},{"start":{"line":54,"column":4},"end":{"line":66,"column":5}}],"line":54},"10":{"loc":{"start":{"line":57,"column":65},"end":{"line":57,"column":109}},"type":"cond-expr","locations":[{"start":{"line":57,"column":96},"end":{"line":57,"column":104}},{"start":{"line":57,"column":107},"end":{"line":57,"column":109}}],"line":57},"11":{"loc":{"start":{"line":60,"column":20},"end":{"line":60,"column":78}},"type":"cond-expr","locations":[{"start":{"line":60,"column":45},"end":{"line":60,"column":72}},{"start":{"line":60,"column":75},"end":{"line":60,"column":78}}],"line":60},"12":{"loc":{"start":{"line":69,"column":8},"end":{"line":240,"column":150}},"type":"cond-expr","locations":[{"start":{"line":70,"column":8},"end":{"line":233,"column":170}},{"start":{"line":240,"column":8},"end":{"line":240,"column":150}}],"line":69},"13":{"loc":{"start":{"line":208,"column":149},"end":{"line":208,"column":188}},"type":"cond-expr","locations":[{"start":{"line":208,"column":168},"end":{"line":208,"column":184}},{"start":{"line":208,"column":187},"end":{"line":208,"column":188}}],"line":208},"14":{"loc":{"start":{"line":212,"column":33},"end":{"line":212,"column":79}},"type":"cond-expr","locations":[{"start":{"line":212,"column":64},"end":{"line":212,"column":74}},{"start":{"line":212,"column":77},"end":{"line":212,"column":79}}],"line":212},"15":{"loc":{"start":{"line":216,"column":30},"end":{"line":216,"column":89}},"type":"cond-expr","locations":[{"start":{"line":216,"column":56},"end":{"line":216,"column":83}},{"start":{"line":216,"column":86},"end":{"line":216,"column":89}}],"line":216},"16":{"loc":{"start":{"line":224,"column":33},"end":{"line":224,"column":106}},"type":"cond-expr","locations":[{"start":{"line":224,"column":79},"end":{"line":224,"column":101}},{"start":{"line":224,"column":104},"end":{"line":224,"column":106}}],"line":224},"17":{"loc":{"start":{"line":228,"column":24},"end":{"line":229,"column":69}},"type":"cond-expr","locations":[{"start":{"line":229,"column":24},"end":{"line":229,"column":40}},{"start":{"line":229,"column":43},"end":{"line":229,"column":69}}],"line":228},"18":{"loc":{"start":{"line":230,"column":30},"end":{"line":230,"column":85}},"type":"cond-expr","locations":[{"start":{"line":230,"column":52},"end":{"line":230,"column":79}},{"start":{"line":230,"column":82},"end":{"line":230,"column":85}}],"line":230}},"s":{"0":0,"1":0,"2":0,"3":0,"4":0,"5":0,"6":0,"7":0,"8":0,"9":0,"10":0,"11":0,"12":0,"13":0,"14":0,"15":0,"16":0,"17":0,"18":0,"19":0,"20":0,"21":0,"22":0,"23":0,"24":0,"25":0,"26":0,"27":0,"28":0,"29":0,"30":0,"31":0,"32":0,"33":0,"34":0,"35":0,"36":0,"37":0,"38":0,"39":0,"40":0,"41":0,"42":0},"f":{"0":0,"1":0,"2":0,"3":0,"4":0,"5":0,"6":0,"7":0,"8":0,"9":0,"10":0},"b":{"0":[0,0],"1":[0,0],"2":[0,0],"3":[0,0],"4":[0,0],"5":[0,0],"6":[0,0],"7":[0,0],"8":[0,0],"9":[0,0],"10":[0,0],"11":[0,0],"12":[0,0],"13":[0,0],"14":[0,0],"15":[0,0],"16":[0,0],"17":[0,0],"18":[0,0]}}}
,"/Users/richard/Desktop/cp4/Yummy-Recipes-Reactjs/src/app/components/Contacts.js": {"data":{"path":"/Users/richard/Desktop/cp4/Yummy-Recipes-Reactjs/src/app/components/Contacts.js","statementMap":{"0":{"start":{"line":1,"column":13},"end":{"line":1,"column":75}},"1":{"start":{"line":1,"column":75},"end":{"line":1,"column":104}},"2":{"start":{"line":1,"column":123},"end":{"line":1,"column":204}},"3":{"start":{"line":1,"column":218},"end":{"line":1,"column":234}},"4":{"start":{"line":1,"column":249},"end":{"line":1,"column":279}},"5":{"start":{"line":1,"column":318},"end":{"line":1,"column":372}},"6":{"start":{"line":5,"column":4},"end":{"line":7,"column":153}},"7":{"start":{"line":10,"column":4},"end":{"line":10,"column":32}}},"fnMap":{"0":{"name":"_interopRequireDefault","decl":{"start":{"line":1,"column":289},"end":{"line":1,"column":311}},"loc":{"start":{"line":1,"column":317},"end":{"line":1,"column":373}},"line":1},"1":{"name":"(anonymous_1)","decl":{"start":{"line":4,"column":2},"end":{"line":4,"column":3}},"loc":{"start":{"line":4,"column":11},"end":{"line":10,"column":3}},"line":4}},"branchMap":{"0":{"loc":{"start":{"line":1,"column":325},"end":{"line":1,"column":371}},"type":"cond-expr","locations":[{"start":{"line":1,"column":349},"end":{"line":1,"column":352}},{"start":{"line":1,"column":355},"end":{"line":1,"column":371}}],"line":1},"1":{"loc":{"start":{"line":1,"column":325},"end":{"line":1,"column":346}},"type":"binary-expr","locations":[{"start":{"line":1,"column":325},"end":{"line":1,"column":328}},{"start":{"line":1,"column":332},"end":{"line":1,"column":346}}],"line":1}},"s":{"0":0,"1":0,"2":0,"3":0,"4":0,"5":0,"6":0,"7":0},"f":{"0":0,"1":0},"b":{"0":[0,0],"1":[0,0]}}}
,"/Users/richard/Desktop/cp4/Yummy-Recipes-Reactjs/src/app/components/Dashboard.js": {"data":{"path":"/Users/richard/Desktop/cp4/Yummy-Recipes-Reactjs/src/app/components/Dashboard.js","statementMap":{"0":{"start":{"line":1,"column":13},"end":{"line":1,"column":75}},"1":{"start":{"line":1,"column":75},"end":{"line":1,"column":105}},"2":{"start":{"line":1,"column":124},"end":{"line":1,"column":206}},"3":{"start":{"line":1,"column":220},"end":{"line":1,"column":236}},"4":{"start":{"line":1,"column":251},"end":{"line":1,"column":281}},"5":{"start":{"line":3,"column":14},"end":{"line":3,"column":33}},"6":{"start":{"line":3,"column":72},"end":{"line":3,"column":126}},"7":{"start":{"line":7,"column":4},"end":{"line":14,"column":36}},"8":{"start":{"line":20,"column":4},"end":{"line":20,"column":34}}},"fnMap":{"0":{"name":"_interopRequireDefault","decl":{"start":{"line":3,"column":43},"end":{"line":3,"column":65}},"loc":{"start":{"line":3,"column":71},"end":{"line":3,"column":127}},"line":3},"1":{"name":"(anonymous_1)","decl":{"start":{"line":6,"column":2},"end":{"line":6,"column":3}},"loc":{"start":{"line":6,"column":11},"end":{"line":20,"column":3}},"line":6}},"branchMap":{"0":{"loc":{"start":{"line":3,"column":79},"end":{"line":3,"column":125}},"type":"cond-expr","locations":[{"start":{"line":3,"column":103},"end":{"line":3,"column":106}},{"start":{"line":3,"column":109},"end":{"line":3,"column":125}}],"line":3},"1":{"loc":{"start":{"line":3,"column":79},"end":{"line":3,"column":100}},"type":"binary-expr","locations":[{"start":{"line":3,"column":79},"end":{"line":3,"column":82}},{"start":{"line":3,"column":86},"end":{"line":3,"column":100}}],"line":3}},"s":{"0":0,"1":0,"2":0,"3":0,"4":0,"5":0,"6":0,"7":0,"8":0},"f":{"0":0,"1":0},"b":{"0":[0,0],"1":[0,0]}}}
,"/Users/richard/Desktop/cp4/Yummy-Recipes-Reactjs/src/app/components/DashboardWelcome.js": {"data":{"path":"/Users/richard/Desktop/cp4/Yummy-Recipes-Reactjs/src/app/components/DashboardWelcome.js","statementMap":{"0":{"start":{"line":1,"column":13},"end":{"line":1,"column":75}},"1":{"start":{"line":1,"column":75},"end":{"line":1,"column":112}},"2":{"start":{"line":1,"column":131},"end":{"line":1,"column":220}},"3":{"start":{"line":1,"column":234},"end":{"line":1,"column":250}},"4":{"start":{"line":1,"column":265},"end":{"line":1,"column":295}},"5":{"start":{"line":3,"column":0},"end":{"line":3,"column":35}},"6":{"start":{"line":3,"column":73},"end":{"line":3,"column":127}},"7":{"start":{"line":7,"column":4},"end":{"line":14,"column":178}},"8":{"start":{"line":19,"column":4},"end":{"line":19,"column":48}}},"fnMap":{"0":{"name":"_interopRequireDefault","decl":{"start":{"line":3,"column":44},"end":{"line":3,"column":66}},"loc":{"start":{"line":3,"column":72},"end":{"line":3,"column":128}},"line":3},"1":{"name":"(anonymous_1)","decl":{"start":{"line":6,"column":2},"end":{"line":6,"column":3}},"loc":{"start":{"line":6,"column":11},"end":{"line":19,"column":3}},"line":6}},"branchMap":{"0":{"loc":{"start":{"line":3,"column":80},"end":{"line":3,"column":126}},"type":"cond-expr","locations":[{"start":{"line":3,"column":104},"end":{"line":3,"column":107}},{"start":{"line":3,"column":110},"end":{"line":3,"column":126}}],"line":3},"1":{"loc":{"start":{"line":3,"column":80},"end":{"line":3,"column":101}},"type":"binary-expr","locations":[{"start":{"line":3,"column":80},"end":{"line":3,"column":83}},{"start":{"line":3,"column":87},"end":{"line":3,"column":101}}],"line":3}},"s":{"0":0,"1":0,"2":0,"3":0,"4":0,"5":0,"6":0,"7":0,"8":0},"f":{"0":0,"1":0},"b":{"0":[0,0],"1":[0,0]}}}
,"/Users/richard/Desktop/cp4/Yummy-Recipes-Reactjs/src/app/components/DeleteAccount.js": {"data":{"path":"/Users/richard/Desktop/cp4/Yummy-Recipes-Reactjs/src/app/components/DeleteAccount.js","statementMap":{"0":{"start":{"line":1,"column":13},"end":{"line":1,"column":75}},"1":{"start":{"line":1,"column":75},"end":{"line":1,"column":109}},"2":{"start":{"line":1,"column":128},"end":{"line":1,"column":214}},"3":{"start":{"line":1,"column":228},"end":{"line":1,"column":244}},"4":{"start":{"line":1,"column":259},"end":{"line":1,"column":289}},"5":{"start":{"line":3,"column":15},"end":{"line":3,"column":42}},"6":{"start":{"line":3,"column":57},"end":{"line":3,"column":90}},"7":{"start":{"line":5,"column":0},"end":{"line":5,"column":35}},"8":{"start":{"line":5,"column":74},"end":{"line":5,"column":290}},"9":{"start":{"line":5,"column":102},"end":{"line":5,"column":113}},"10":{"start":{"line":5,"column":134},"end":{"line":5,"column":136}},"11":{"start":{"line":5,"column":137},"end":{"line":5,"column":254}},"12":{"start":{"line":5,"column":155},"end":{"line":5,"column":253}},"13":{"start":{"line":5,"column":177},"end":{"line":5,"column":252}},"14":{"start":{"line":5,"column":229},"end":{"line":5,"column":252}},"15":{"start":{"line":5,"column":254},"end":{"line":5,"column":275}},"16":{"start":{"line":5,"column":275},"end":{"line":5,"column":289}},"17":{"start":{"line":5,"column":329},"end":{"line":5,"column":383}},"18":{"start":{"line":9,"column":4},"end":{"line":9,"column":17}},"19":{"start":{"line":10,"column":4},"end":{"line":11,"column":61}},"20":{"start":{"line":15,"column":4},"end":{"line":29,"column":184}},"21":{"start":{"line":34,"column":4},"end":{"line":34,"column":42}}},"fnMap":{"0":{"name":"_interopRequireWildcard","decl":{"start":{"line":5,"column":44},"end":{"line":5,"column":67}},"loc":{"start":{"line":5,"column":73},"end":{"line":5,"column":291}},"line":5},"1":{"name":"_interopRequireDefault","decl":{"start":{"line":5,"column":300},"end":{"line":5,"column":322}},"loc":{"start":{"line":5,"column":328},"end":{"line":5,"column":384}},"line":5},"2":{"name":"(anonymous_2)","decl":{"start":{"line":8,"column":2},"end":{"line":8,"column":3}},"loc":{"start":{"line":8,"column":21},"end":{"line":13,"column":3}},"line":8},"3":{"name":"(anonymous_3)","decl":{"start":{"line":14,"column":2},"end":{"line":14,"column":3}},"loc":{"start":{"line":14,"column":11},"end":{"line":34,"column":3}},"line":14}},"branchMap":{"0":{"loc":{"start":{"line":5,"column":74},"end":{"line":5,"column":290}},"type":"if","locations":[{"start":{"line":5,"column":74},"end":{"line":5,"column":290}},{"start":{"line":5,"column":74},"end":{"line":5,"column":290}}],"line":5},"1":{"loc":{"start":{"line":5,"column":78},"end":{"line":5,"column":99}},"type":"binary-expr","locations":[{"start":{"line":5,"column":78},"end":{"line":5,"column":81}},{"start":{"line":5,"column":85},"end":{"line":5,"column":99}}],"line":5},"2":{"loc":{"start":{"line":5,"column":137},"end":{"line":5,"column":254}},"type":"if","locations":[{"start":{"line":5,"column":137},"end":{"line":5,"column":254}},{"start":{"line":5,"column":137},"end":{"line":5,"column":254}}],"line":5},"3":{"loc":{"start":{"line":5,"column":177},"end":{"line":5,"column":252}},"type":"if","locations":[{"start":{"line":5,"column":177},"end":{"line":5,"column":252}},{"start":{"line":5,"column":177},"end":{"line":5,"column":252}}],"line":5},"4":{"loc":{"start":{"line":5,"column":336},"end":{"line":5,"column":382}},"type":"cond-expr","locations":[{"start":{"line":5,"column":360},"end":{"line":5,"column":363}},{"start":{"line":5,"column":366},"end":{"line":5,"column":382}}],"line":5},"5":{"loc":{"start":{"line":5,"column":336},"end":{"line":5,"column":357}},"type":"binary-expr","locations":[{"start":{"line":5,"column":336},"end":{"line":5,"column":339}},{"start":{"line":5,"column":343},"end":{"line":5,"column":357}}],"line":5}},"s":{"0":0,"1":0,"2":0,"3":0,"4":0,"5":0,"6":0,"7":0,"8":0,"9":0,"10":0,"11":0,"12":0,"13":0,"14":0,"15":0,"16":0,"17":0,"18":0,"19":0,"20":0,"21":0},"f":{"0":0,"1":0,"2":0,"3":0},"b":{"0":[0,0],"1":[0,0],"2":[0,0],"3":[0,0],"4":[0,0],"5":[0,0]}}}
,"/Users/richard/Desktop/cp4/Yummy-Recipes-Reactjs/src/app/components/EditCategory.js": {"data":{"path":"/Users/richard/Desktop/cp4/Yummy-Recipes-Reactjs/src/app/components/EditCategory.js","statementMap":{"0":{"start":{"line":1,"column":13},"end":{"line":1,"column":75}},"1":{"start":{"line":1,"column":75},"end":{"line":1,"column":108}},"2":{"start":{"line":1,"column":127},"end":{"line":1,"column":212}},"3":{"start":{"line":1,"column":226},"end":{"line":1,"column":242}},"4":{"start":{"line":1,"column":257},"end":{"line":1,"column":287}},"5":{"start":{"line":1,"column":326},"end":{"line":1,"column":380}},"6":{"start":{"line":5,"column":4},"end":{"line":20,"column":214}},"7":{"start":{"line":28,"column":4},"end":{"line":28,"column":40}}},"fnMap":{"0":{"name":"_interopRequireDefault","decl":{"start":{"line":1,"column":297},"end":{"line":1,"column":319}},"loc":{"start":{"line":1,"column":325},"end":{"line":1,"column":381}},"line":1},"1":{"name":"(anonymous_1)","decl":{"start":{"line":4,"column":2},"end":{"line":4,"column":3}},"loc":{"start":{"line":4,"column":11},"end":{"line":28,"column":3}},"line":4}},"branchMap":{"0":{"loc":{"start":{"line":1,"column":333},"end":{"line":1,"column":379}},"type":"cond-expr","locations":[{"start":{"line":1,"column":357},"end":{"line":1,"column":360}},{"start":{"line":1,"column":363},"end":{"line":1,"column":379}}],"line":1},"1":{"loc":{"start":{"line":1,"column":333},"end":{"line":1,"column":354}},"type":"binary-expr","locations":[{"start":{"line":1,"column":333},"end":{"line":1,"column":336}},{"start":{"line":1,"column":340},"end":{"line":1,"column":354}}],"line":1}},"s":{"0":0,"1":0,"2":0,"3":0,"4":0,"5":0,"6":0,"7":0},"f":{"0":0,"1":0},"b":{"0":[0,0],"1":[0,0]}}}
,"/Users/richard/Desktop/cp4/Yummy-Recipes-Reactjs/src/app/components/Footer.js": {"data":{"path":"/Users/richard/Desktop/cp4/Yummy-Recipes-Reactjs/src/app/components/Footer.js","statementMap":{"0":{"start":{"line":5,"column":4},"end":{"line":15,"column":6}}},"fnMap":{"0":{"name":"(anonymous_0)","decl":{"start":{"line":4,"column":2},"end":{"line":4,"column":3}},"loc":{"start":{"line":4,"column":11},"end":{"line":16,"column":3}},"line":4}},"branchMap":{},"s":{"0":0},"f":{"0":0},"b":{},"_coverageSchema":"332fd63041d2c1bcb487cc26dd0d5f7d97098a6c","hash":"b54acd5a0377d17a9f2dfc18a3defa612a529fff"}}
,"/Users/richard/Desktop/cp4/Yummy-Recipes-Reactjs/src/app/components/Header.js": {"data":{"path":"/Users/richard/Desktop/cp4/Yummy-Recipes-Reactjs/src/app/components/Header.js","statementMap":{"0":{"start":{"line":1,"column":13},"end":{"line":1,"column":75}},"1":{"start":{"line":1,"column":75},"end":{"line":1,"column":102}},"2":{"start":{"line":1,"column":121},"end":{"line":1,"column":200}},"3":{"start":{"line":1,"column":214},"end":{"line":1,"column":230}},"4":{"start":{"line":1,"column":245},"end":{"line":1,"column":275}},"5":{"start":{"line":2,"column":22},"end":{"line":2,"column":49}},"6":{"start":{"line":4,"column":0},"end":{"line":4,"column":32}},"7":{"start":{"line":5,"column":19},"end":{"line":5,"column":43}},"8":{"start":{"line":6,"column":21},"end":{"line":6,"column":47}},"9":{"start":{"line":7,"column":19},"end":{"line":7,"column":43}},"10":{"start":{"line":8,"column":22},"end":{"line":8,"column":49}},"11":{"start":{"line":9,"column":17},"end":{"line":9,"column":39}},"12":{"start":{"line":10,"column":20},"end":{"line":10,"column":45}},"13":{"start":{"line":11,"column":24},"end":{"line":11,"column":53}},"14":{"start":{"line":12,"column":21},"end":{"line":12,"column":47}},"15":{"start":{"line":13,"column":14},"end":{"line":13,"column":33}},"16":{"start":{"line":14,"column":15},"end":{"line":14,"column":42}},"17":{"start":{"line":14,"column":57},"end":{"line":14,"column":90}},"18":{"start":{"line":14,"column":130},"end":{"line":14,"column":346}},"19":{"start":{"line":14,"column":158},"end":{"line":14,"column":169}},"20":{"start":{"line":14,"column":190},"end":{"line":14,"column":192}},"21":{"start":{"line":14,"column":193},"end":{"line":14,"column":310}},"22":{"start":{"line":14,"column":211},"end":{"line":14,"column":309}},"23":{"start":{"line":14,"column":233},"end":{"line":14,"column":308}},"24":{"start":{"line":14,"column":285},"end":{"line":14,"column":308}},"25":{"start":{"line":14,"column":310},"end":{"line":14,"column":331}},"26":{"start":{"line":14,"column":331},"end":{"line":14,"column":345}},"27":{"start":{"line":14,"column":385},"end":{"line":14,"column":439}},"28":{"start":{"line":18,"column":17},"end":{"line":18,"column":45}},"29":{"start":{"line":19,"column":4},"end":{"line":21,"column":5}},"30":{"start":{"line":20,"column":6},"end":{"line":20,"column":38}},"31":{"start":{"line":22,"column":4},"end":{"line":22,"column":22}},"32":{"start":{"line":23,"column":4},"end":{"line":23,"column":30}},"33":{"start":{"line":24,"column":4},"end":{"line":24,"column":28}},"34":{"start":{"line":25,"column":4},"end":{"line":191,"column":132}},"35":{"start":{"line":195,"column":4},"end":{"line":195,"column":28}}},"fnMap":{"0":{"name":"_interopRequireWildcard","decl":{"start":{"line":14,"column":100},"end":{"line":14,"column":123}},"loc":{"start":{"line":14,"column":129},"end":{"line":14,"column":347}},"line":14},"1":{"name":"_interopRequireDefault","decl":{"start":{"line":14,"column":356},"end":{"line":14,"column":378}},"loc":{"start":{"line":14,"column":384},"end":{"line":14,"column":440}},"line":14},"2":{"name":"(anonymous_2)","decl":{"start":{"line":17,"column":2},"end":{"line":17,"column":3}},"loc":{"start":{"line":17,"column":11},"end":{"line":195,"column":3}},"line":17}},"branchMap":{"0":{"loc":{"start":{"line":14,"column":130},"end":{"line":14,"column":346}},"type":"if","locations":[{"start":{"line":14,"column":130},"end":{"line":14,"column":346}},{"start":{"line":14,"column":130},"end":{"line":14,"column":346}}],"line":14},"1":{"loc":{"start":{"line":14,"column":134},"end":{"line":14,"column":155}},"type":"binary-expr","locations":[{"start":{"line":14,"column":134},"end":{"line":14,"column":137}},{"start":{"line":14,"column":141},"end":{"line":14,"column":155}}],"line":14},"2":{"loc":{"start":{"line":14,"column":193},"end":{"line":14,"column":310}},"type":"if","locations":[{"start":{"line":14,"column":193},"end":{"line":14,"column":310}},{"start":{"line":14,"column":193},"end":{"line":14,"column":310}}],"line":14},"3":{"loc":{"start":{"line":14,"column":233},"end":{"line":14,"column":308}},"type":"if","locations":[{"start":{"line":14,"column":233},"end":{"line":14,"column":308}},{"start":{"line":14,"column":233},"end":{"line":14,"column":308}}],"line":14},"4":{"loc":{"start":{"line":14,"column":392},"end":{"line":14,"column":438}},"type":"cond-expr","locations":[{"start":{"line":14,"column":416},"end":{"line":14,"column":419}},{"start":{"line":14,"column":422},"end":{"line":14,"column":438}}],"line":14},"5":{"loc":{"start":{"line":14,"column":392},"end":{"line":14,"column":413}},"type":"binary-expr","locations":[{"start":{"line":14,"column":392},"end":{"line":14,"column":395}},{"start":{"line":14,"column":399},"end":{"line":14,"column":413}}],"line":14},"6":{"loc":{"start":{"line":19,"column":4},"end":{"line":21,"column":5}},"type":"if","locations":[{"start":{"line":19,"column":4},"end":{"line":21,"column":5}},{"start":{"line":19,"column":4},"end":{"line":21,"column":5}}],"line":19}},"s":{"0":0,"1":0,"2":0,"3":0,"4":0,"5":0,"6":0,"7":0,"8":0,"9":0,"10":0,"11":0,"12":0,"13":0,"14":0,"15":0,"16":0,"17":0,"18":0,"19":0,"20":0,"21":0,"22":0,"23":0,"24":0,"25":0,"26":0,"27":0,"28":0,"29":0,"30":0,"31":0,"32":0,"33":0,"34":0,"35":0},"f":{"0":0,"1":0,"2":0},"b":{"0":[0,0],"1":[0,0],"2":[0,0],"3":[0,0],"4":[0,0],"5":[0,0],"6":[0,0]}}}
,"/Users/richard/Desktop/cp4/Yummy-Recipes-Reactjs/src/app/components/Home.js": {"data":{"path":"/Users/richard/Desktop/cp4/Yummy-Recipes-Reactjs/src/app/components/Home.js","statementMap":{"0":{"start":{"line":14,"column":4},"end":{"line":107,"column":6}}},"fnMap":{"0":{"name":"(anonymous_0)","decl":{"start":{"line":13,"column":2},"end":{"line":13,"column":3}},"loc":{"start":{"line":13,"column":11},"end":{"line":108,"column":3}},"line":13}},"branchMap":{},"s":{"0":2},"f":{"0":2},"b":{},"_coverageSchema":"332fd63041d2c1bcb487cc26dd0d5f7d97098a6c","hash":"fd136411cd569c49679014466c49da598c29cbb1"}}
,"/Users/richard/Desktop/cp4/Yummy-Recipes-Reactjs/src/app/components/Login.js": {"data":{"path":"/Users/richard/Desktop/cp4/Yummy-Recipes-Reactjs/src/app/components/Login.js","statementMap":{"0":{"start":{"line":11,"column":4},"end":{"line":102,"column":6}}},"fnMap":{"0":{"name":"(anonymous_0)","decl":{"start":{"line":10,"column":2},"end":{"line":10,"column":3}},"loc":{"start":{"line":10,"column":11},"end":{"line":103,"column":3}},"line":10}},"branchMap":{},"s":{"0":2},"f":{"0":2},"b":{},"_coverageSchema":"332fd63041d2c1bcb487cc26dd0d5f7d97098a6c","hash":"0738fc7843eb168a257b1cadf8f8daf9b9406edc"}}
,"/Users/richard/Desktop/cp4/Yummy-Recipes-Reactjs/src/app/components/RecipeReport.js": {"data":{"path":"/Users/richard/Desktop/cp4/Yummy-Recipes-Reactjs/src/app/components/RecipeReport.js","statementMap":{"0":{"start":{"line":1,"column":13},"end":{"line":1,"column":75}},"1":{"start":{"line":1,"column":75},"end":{"line":1,"column":108}},"2":{"start":{"line":1,"column":127},"end":{"line":1,"column":212}},"3":{"start":{"line":1,"column":226},"end":{"line":1,"column":242}},"4":{"start":{"line":1,"column":257},"end":{"line":1,"column":287}},"5":{"start":{"line":3,"column":15},"end":{"line":3,"column":42}},"6":{"start":{"line":3,"column":57},"end":{"line":3,"column":90}},"7":{"start":{"line":3,"column":130},"end":{"line":3,"column":346}},"8":{"start":{"line":3,"column":158},"end":{"line":3,"column":169}},"9":{"start":{"line":3,"column":190},"end":{"line":3,"column":192}},"10":{"start":{"line":3,"column":193},"end":{"line":3,"column":310}},"11":{"start":{"line":3,"column":211},"end":{"line":3,"column":309}},"12":{"start":{"line":3,"column":233},"end":{"line":3,"column":308}},"13":{"start":{"line":3,"column":285},"end":{"line":3,"column":308}},"14":{"start":{"line":3,"column":310},"end":{"line":3,"column":331}},"15":{"start":{"line":3,"column":331},"end":{"line":3,"column":345}},"16":{"start":{"line":3,"column":385},"end":{"line":3,"column":439}},"17":{"start":{"line":7,"column":4},"end":{"line":7,"column":17}},"18":{"start":{"line":8,"column":25},"end":{"line":8,"column":69}},"19":{"start":{"line":10,"column":4},"end":{"line":17,"column":44}},"20":{"start":{"line":20,"column":18},"end":{"line":20,"column":36}},"21":{"start":{"line":21,"column":4},"end":{"line":22,"column":23}},"22":{"start":{"line":26,"column":4},"end":{"line":28,"column":5}},"23":{"start":{"line":27,"column":6},"end":{"line":27,"column":31}},"24":{"start":{"line":29,"column":4},"end":{"line":32,"column":12}},"25":{"start":{"line":31,"column":8},"end":{"line":31,"column":27}},"26":{"start":{"line":36,"column":4},"end":{"line":36,"column":29}},"27":{"start":{"line":37,"column":4},"end":{"line":38,"column":20}},"28":{"start":{"line":42,"column":4},"end":{"line":42,"column":27}},"29":{"start":{"line":43,"column":4},"end":{"line":43,"column":28}},"30":{"start":{"line":46,"column":20},"end":{"line":46,"column":69}},"31":{"start":{"line":47,"column":31},"end":{"line":50,"column":30}},"32":{"start":{"line":49,"column":6},"end":{"line":49,"column":73}},"33":{"start":{"line":51,"column":29},"end":{"line":51,"column":31}},"34":{"start":{"line":52,"column":4},"end":{"line":64,"column":5}},"35":{"start":{"line":53,"column":6},"end":{"line":63,"column":7}},"36":{"start":{"line":54,"column":8},"end":{"line":59,"column":17}},"37":{"start":{"line":65,"column":4},"end":{"line":239,"column":153}},"38":{"start":{"line":98,"column":12},"end":{"line":198,"column":202}},"39":{"start":{"line":242,"column":4},"end":{"line":242,"column":40}}},"fnMap":{"0":{"name":"_interopRequireWildcard","decl":{"start":{"line":3,"column":100},"end":{"line":3,"column":123}},"loc":{"start":{"line":3,"column":129},"end":{"line":3,"column":347}},"line":3},"1":{"name":"_interopRequireDefault","decl":{"start":{"line":3,"column":356},"end":{"line":3,"column":378}},"loc":{"start":{"line":3,"column":384},"end":{"line":3,"column":440}},"line":3},"2":{"name":"(anonymous_2)","decl":{"start":{"line":6,"column":2},"end":{"line":6,"column":3}},"loc":{"start":{"line":6,"column":21},"end":{"line":18,"column":3}},"line":6},"3":{"name":"(anonymous_3)","decl":{"start":{"line":19,"column":2},"end":{"line":19,"column":3}},"loc":{"start":{"line":19,"column":27},"end":{"line":24,"column":3}},"line":19},"4":{"name":"(anonymous_4)","decl":{"start":{"line":25,"column":2},"end":{"line":25,"column":3}},"loc":{"start":{"line":25,"column":32},"end":{"line":34,"column":3}},"line":25},"5":{"name":"(anonymous_5)","decl":{"start":{"line":30,"column":47},"end":{"line":30,"column":48}},"loc":{"start":{"line":30,"column":63},"end":{"line":32,"column":7}},"line":30},"6":{"name":"(anonymous_6)","decl":{"start":{"line":35,"column":2},"end":{"line":35,"column":3}},"loc":{"start":{"line":35,"column":16},"end":{"line":40,"column":3}},"line":35},"7":{"name":"(anonymous_7)","decl":{"start":{"line":41,"column":2},"end":{"line":41,"column":3}},"loc":{"start":{"line":41,"column":32},"end":{"line":44,"column":3}},"line":41},"8":{"name":"(anonymous_8)","decl":{"start":{"line":45,"column":2},"end":{"line":45,"column":3}},"loc":{"start":{"line":45,"column":11},"end":{"line":242,"column":3}},"line":45},"9":{"name":"(anonymous_9)","decl":{"start":{"line":48,"column":4},"end":{"line":48,"column":5}},"loc":{"start":{"line":48,"column":14},"end":{"line":50,"column":5}},"line":48},"10":{"name":"(anonymous_10)","decl":{"start":{"line":97,"column":35},"end":{"line":97,"column":36}},"loc":{"start":{"line":98,"column":12},"end":{"line":198,"column":202}},"line":98}},"branchMap":{"0":{"loc":{"start":{"line":3,"column":130},"end":{"line":3,"column":346}},"type":"if","locations":[{"start":{"line":3,"column":130},"end":{"line":3,"column":346}},{"start":{"line":3,"column":130},"end":{"line":3,"column":346}}],"line":3},"1":{"loc":{"start":{"line":3,"column":134},"end":{"line":3,"column":155}},"type":"binary-expr","locations":[{"start":{"line":3,"column":134},"end":{"line":3,"column":137}},{"start":{"line":3,"column":141},"end":{"line":3,"column":155}}],"line":3},"2":{"loc":{"start":{"line":3,"column":193},"end":{"line":3,"column":310}},"type":"if","locations":[{"start":{"line":3,"column":193},"end":{"line":3,"column":310}},{"start":{"line":3,"column":193},"end":{"line":3,"column":310}}],"line":3},"3":{"loc":{"start":{"line":3,"column":233},"end":{"line":3,"column":308}},"type":"if","locations":[{"start":{"line":3,"column":233},"end":{"line":3,"column":308}},{"start":{"line":3,"column":233},"end":{"line":3,"column":308}}],"line":3},"4":{"loc":{"start":{"line":3,"column":392},"end":{"line":3,"column":438}},"type":"cond-expr","locations":[{"start":{"line":3,"column":416},"end":{"line":3,"column":419}},{"start":{"line":3,"column":422},"end":{"line":3,"column":438}}],"line":3},"5":{"loc":{"start":{"line":3,"column":392},"end":{"line":3,"column":413}},"type":"binary-expr","locations":[{"start":{"line":3,"column":392},"end":{"line":3,"column":395}},{"start":{"line":3,"column":399},"end":{"line":3,"column":413}}],"line":3},"6":{"loc":{"start":{"line":26,"column":4},"end":{"line":28,"column":5}},"type":"if","locations":[{"start":{"line":26,"column":4},"end":{"line":28,"column":5}},{"start":{"line":26,"column":4},"end":{"line":28,"column":5}}],"line":26},"7":{"loc":{"start":{"line":47,"column":31},"end":{"line":50,"column":30}},"type":"cond-expr","locations":[{"start":{"line":47,"column":55},"end":{"line":50,"column":6}},{"start":{"line":50,"column":9},"end":{"line":50,"column":30}}],"line":47},"8":{"loc":{"start":{"line":52,"column":4},"end":{"line":64,"column":5}},"type":"if","locations":[{"start":{"line":52,"column":4},"end":{"line":64,"column":5}},{"start":{"line":52,"column":4},"end":{"line":64,"column":5}}],"line":52},"9":{"loc":{"start":{"line":55,"column":65},"end":{"line":55,"column":109}},"type":"cond-expr","locations":[{"start":{"line":55,"column":96},"end":{"line":55,"column":104}},{"start":{"line":55,"column":107},"end":{"line":55,"column":109}}],"line":55},"10":{"loc":{"start":{"line":58,"column":20},"end":{"line":58,"column":76}},"type":"cond-expr","locations":[{"start":{"line":58,"column":45},"end":{"line":58,"column":70}},{"start":{"line":58,"column":73},"end":{"line":58,"column":76}}],"line":58},"11":{"loc":{"start":{"line":67,"column":8},"end":{"line":239,"column":150}},"type":"cond-expr","locations":[{"start":{"line":68,"column":8},"end":{"line":237,"column":16}},{"start":{"line":239,"column":8},"end":{"line":239,"column":150}}],"line":67},"12":{"loc":{"start":{"line":94,"column":10},"end":{"line":95,"column":190}},"type":"cond-expr","locations":[{"start":{"line":95,"column":10},"end":{"line":95,"column":160}},{"start":{"line":95,"column":163},"end":{"line":95,"column":190}}],"line":94},"13":{"loc":{"start":{"line":206,"column":12},"end":{"line":237,"column":14}},"type":"cond-expr","locations":[{"start":{"line":207,"column":12},"end":{"line":233,"column":165}},{"start":{"line":237,"column":12},"end":{"line":237,"column":14}}],"line":206},"14":{"loc":{"start":{"line":209,"column":147},"end":{"line":209,"column":186}},"type":"cond-expr","locations":[{"start":{"line":209,"column":166},"end":{"line":209,"column":182}},{"start":{"line":209,"column":185},"end":{"line":209,"column":186}}],"line":209},"15":{"loc":{"start":{"line":213,"column":31},"end":{"line":213,"column":77}},"type":"cond-expr","locations":[{"start":{"line":213,"column":62},"end":{"line":213,"column":72}},{"start":{"line":213,"column":75},"end":{"line":213,"column":77}}],"line":213},"16":{"loc":{"start":{"line":217,"column":28},"end":{"line":217,"column":85}},"type":"cond-expr","locations":[{"start":{"line":217,"column":54},"end":{"line":217,"column":79}},{"start":{"line":217,"column":82},"end":{"line":217,"column":85}}],"line":217},"17":{"loc":{"start":{"line":225,"column":31},"end":{"line":225,"column":92}},"type":"cond-expr","locations":[{"start":{"line":225,"column":77},"end":{"line":225,"column":87}},{"start":{"line":225,"column":90},"end":{"line":225,"column":92}}],"line":225},"18":{"loc":{"start":{"line":228,"column":50},"end":{"line":229,"column":67}},"type":"cond-expr","locations":[{"start":{"line":229,"column":22},"end":{"line":229,"column":38}},{"start":{"line":229,"column":41},"end":{"line":229,"column":67}}],"line":228},"19":{"loc":{"start":{"line":230,"column":28},"end":{"line":230,"column":81}},"type":"cond-expr","locations":[{"start":{"line":230,"column":50},"end":{"line":230,"column":75}},{"start":{"line":230,"column":78},"end":{"line":230,"column":81}}],"line":230}},"s":{"0":0,"1":0,"2":0,"3":0,"4":0,"5":0,"6":0,"7":0,"8":0,"9":0,"10":0,"11":0,"12":0,"13":0,"14":0,"15":0,"16":0,"17":0,"18":0,"19":0,"20":0,"21":0,"22":0,"23":0,"24":0,"25":0,"26":0,"27":0,"28":0,"29":0,"30":0,"31":0,"32":0,"33":0,"34":0,"35":0,"36":0,"37":0,"38":0,"39":0},"f":{"0":0,"1":0,"2":0,"3":0,"4":0,"5":0,"6":0,"7":0,"8":0,"9":0,"10":0},"b":{"0":[0,0],"1":[0,0],"2":[0,0],"3":[0,0],"4":[0,0],"5":[0,0],"6":[0,0],"7":[0,0],"8":[0,0],"9":[0,0],"10":[0,0],"11":[0,0],"12":[0,0],"13":[0,0],"14":[0,0],"15":[0,0],"16":[0,0],"17":[0,0],"18":[0,0],"19":[0,0]}}}
,"/Users/richard/Desktop/cp4/Yummy-Recipes-Reactjs/src/app/components/ResetPassword.js": {"data":{"path":"/Users/richard/Desktop/cp4/Yummy-Recipes-Reactjs/src/app/components/ResetPassword.js","statementMap":{"0":{"start":{"line":1,"column":13},"end":{"line":1,"column":75}},"1":{"start":{"line":1,"column":75},"end":{"line":1,"column":109}},"2":{"start":{"line":1,"column":128},"end":{"line":1,"column":214}},"3":{"start":{"line":1,"column":228},"end":{"line":1,"column":244}},"4":{"start":{"line":1,"column":259},"end":{"line":1,"column":289}},"5":{"start":{"line":3,"column":13},"end":{"line":3,"column":29}},"6":{"start":{"line":3,"column":44},"end":{"line":3,"column":74}},"7":{"start":{"line":3,"column":113},"end":{"line":3,"column":167}},"8":{"start":{"line":5,"column":12},"end":{"line":5,"column":52}},"9":{"start":{"line":9,"column":4},"end":{"line":9,"column":27}},"10":{"start":{"line":10,"column":18},"end":{"line":10,"column":51}},"11":{"start":{"line":11,"column":21},"end":{"line":11,"column":57}},"12":{"start":{"line":12,"column":17},"end":{"line":12,"column":53}},"13":{"start":{"line":13,"column":4},"end":{"line":25,"column":5}},"14":{"start":{"line":14,"column":6},"end":{"line":22,"column":9}},"15":{"start":{"line":16,"column":8},"end":{"line":16,"column":32}},"16":{"start":{"line":19,"column":8},"end":{"line":21,"column":9}},"17":{"start":{"line":20,"column":10},"end":{"line":20,"column":45}},"18":{"start":{"line":24,"column":6},"end":{"line":24,"column":42}},"19":{"start":{"line":26,"column":4},"end":{"line":26,"column":43}},"20":{"start":{"line":27,"column":4},"end":{"line":27,"column":46}},"21":{"start":{"line":30,"column":4},"end":{"line":61,"column":196}},"22":{"start":{"line":68,"column":4},"end":{"line":68,"column":42}}},"fnMap":{"0":{"name":"_interopRequireDefault","decl":{"start":{"line":3,"column":84},"end":{"line":3,"column":106}},"loc":{"start":{"line":3,"column":112},"end":{"line":3,"column":168}},"line":3},"1":{"name":"(anonymous_1)","decl":{"start":{"line":8,"column":2},"end":{"line":8,"column":3}},"loc":{"start":{"line":8,"column":22},"end":{"line":28,"column":3}},"line":8},"2":{"name":"(anonymous_2)","decl":{"start":{"line":15,"column":11},"end":{"line":15,"column":12}},"loc":{"start":{"line":15,"column":26},"end":{"line":17,"column":7}},"line":15},"3":{"name":"(anonymous_3)","decl":{"start":{"line":18,"column":12},"end":{"line":18,"column":13}},"loc":{"start":{"line":18,"column":29},"end":{"line":22,"column":7}},"line":18},"4":{"name":"(anonymous_4)","decl":{"start":{"line":29,"column":2},"end":{"line":29,"column":3}},"loc":{"start":{"line":29,"column":11},"end":{"line":68,"column":3}},"line":29}},"branchMap":{"0":{"loc":{"start":{"line":3,"column":120},"end":{"line":3,"column":166}},"type":"cond-expr","locations":[{"start":{"line":3,"column":144},"end":{"line":3,"column":147}},{"start":{"line":3,"column":150},"end":{"line":3,"column":166}}],"line":3},"1":{"loc":{"start":{"line":3,"column":120},"end":{"line":3,"column":141}},"type":"binary-expr","locations":[{"start":{"line":3,"column":120},"end":{"line":3,"column":123}},{"start":{"line":3,"column":127},"end":{"line":3,"column":141}}],"line":3},"2":{"loc":{"start":{"line":13,"column":4},"end":{"line":25,"column":5}},"type":"if","locations":[{"start":{"line":13,"column":4},"end":{"line":25,"column":5}},{"start":{"line":13,"column":4},"end":{"line":25,"column":5}}],"line":13},"3":{"loc":{"start":{"line":13,"column":8},"end":{"line":13,"column":39}},"type":"binary-expr","locations":[{"start":{"line":13,"column":8},"end":{"line":13,"column":20}},{"start":{"line":13,"column":24},"end":{"line":13,"column":39}}],"line":13},"4":{"loc":{"start":{"line":19,"column":8},"end":{"line":21,"column":9}},"type":"if","locations":[{"start":{"line":19,"column":8},"end":{"line":21,"column":9}},{"start":{"line":19,"column":8},"end":{"line":21,"column":9}}],"line":19}},"s":{"0":0,"1":0,"2":0,"3":0,"4":0,"5":0,"6":0,"7":0,"8":0,"9":0,"10":0,"11":0,"12":0,"13":0,"14":0,"15":0,"16":0,"17":0,"18":0,"19":0,"20":0,"21":0,"22":0},"f":{"0":0,"1":0,"2":0,"3":0,"4":0},"b":{"0":[0,0],"1":[0,0],"2":[0,0],"3":[0,0],"4":[0,0]}}}
,"/Users/richard/Desktop/cp4/Yummy-Recipes-Reactjs/src/app/components/Signup.js": {"data":{"path":"/Users/richard/Desktop/cp4/Yummy-Recipes-Reactjs/src/app/components/Signup.js","statementMap":{"0":{"start":{"line":1,"column":13},"end":{"line":1,"column":75}},"1":{"start":{"line":1,"column":75},"end":{"line":1,"column":102}},"2":{"start":{"line":1,"column":121},"end":{"line":1,"column":200}},"3":{"start":{"line":1,"column":214},"end":{"line":1,"column":230}},"4":{"start":{"line":1,"column":245},"end":{"line":1,"column":275}},"5":{"start":{"line":2,"column":22},"end":{"line":2,"column":49}},"6":{"start":{"line":4,"column":15},"end":{"line":4,"column":42}},"7":{"start":{"line":4,"column":57},"end":{"line":4,"column":90}},"8":{"start":{"line":5,"column":0},"end":{"line":5,"column":35}},"9":{"start":{"line":6,"column":14},"end":{"line":6,"column":33}},"10":{"start":{"line":6,"column":73},"end":{"line":6,"column":289}},"11":{"start":{"line":6,"column":101},"end":{"line":6,"column":112}},"12":{"start":{"line":6,"column":133},"end":{"line":6,"column":135}},"13":{"start":{"line":6,"column":136},"end":{"line":6,"column":253}},"14":{"start":{"line":6,"column":154},"end":{"line":6,"column":252}},"15":{"start":{"line":6,"column":176},"end":{"line":6,"column":251}},"16":{"start":{"line":6,"column":228},"end":{"line":6,"column":251}},"17":{"start":{"line":6,"column":253},"end":{"line":6,"column":274}},"18":{"start":{"line":6,"column":274},"end":{"line":6,"column":288}},"19":{"start":{"line":6,"column":328},"end":{"line":6,"column":382}},"20":{"start":{"line":10,"column":4},"end":{"line":112,"column":132}},"21":{"start":{"line":116,"column":4},"end":{"line":116,"column":28}}},"fnMap":{"0":{"name":"_interopRequireWildcard","decl":{"start":{"line":6,"column":43},"end":{"line":6,"column":66}},"loc":{"start":{"line":6,"column":72},"end":{"line":6,"column":290}},"line":6},"1":{"name":"_interopRequireDefault","decl":{"start":{"line":6,"column":299},"end":{"line":6,"column":321}},"loc":{"start":{"line":6,"column":327},"end":{"line":6,"column":383}},"line":6},"2":{"name":"(anonymous_2)","decl":{"start":{"line":9,"column":2},"end":{"line":9,"column":3}},"loc":{"start":{"line":9,"column":11},"end":{"line":116,"column":3}},"line":9}},"branchMap":{"0":{"loc":{"start":{"line":6,"column":73},"end":{"line":6,"column":289}},"type":"if","locations":[{"start":{"line":6,"column":73},"end":{"line":6,"column":289}},{"start":{"line":6,"column":73},"end":{"line":6,"column":289}}],"line":6},"1":{"loc":{"start":{"line":6,"column":77},"end":{"line":6,"column":98}},"type":"binary-expr","locations":[{"start":{"line":6,"column":77},"end":{"line":6,"column":80}},{"start":{"line":6,"column":84},"end":{"line":6,"column":98}}],"line":6},"2":{"loc":{"start":{"line":6,"column":136},"end":{"line":6,"column":253}},"type":"if","locations":[{"start":{"line":6,"column":136},"end":{"line":6,"column":253}},{"start":{"line":6,"column":136},"end":{"line":6,"column":253}}],"line":6},"3":{"loc":{"start":{"line":6,"column":176},"end":{"line":6,"column":251}},"type":"if","locations":[{"start":{"line":6,"column":176},"end":{"line":6,"column":251}},{"start":{"line":6,"column":176},"end":{"line":6,"column":251}}],"line":6},"4":{"loc":{"start":{"line":6,"column":335},"end":{"line":6,"column":381}},"type":"cond-expr","locations":[{"start":{"line":6,"column":359},"end":{"line":6,"column":362}},{"start":{"line":6,"column":365},"end":{"line":6,"column":381}}],"line":6},"5":{"loc":{"start":{"line":6,"column":335},"end":{"line":6,"column":356}},"type":"binary-expr","locations":[{"start":{"line":6,"column":335},"end":{"line":6,"column":338}},{"start":{"line":6,"column":342},"end":{"line":6,"column":356}}],"line":6}},"s":{"0":0,"1":0,"2":0,"3":0,"4":0,"5":0,"6":0,"7":0,"8":0,"9":0,"10":0,"11":0,"12":0,"13":0,"14":0,"15":0,"16":0,"17":0,"18":0,"19":0,"20":0,"21":0},"f":{"0":0,"1":0,"2":0},"b":{"0":[0,0],"1":[0,0],"2":[0,0],"3":[0,0],"4":[0,0],"5":[0,0]}}}
,"/Users/richard/Desktop/cp4/Yummy-Recipes-Reactjs/src/app/components/UserProfile.js": {"data":{"path":"/Users/richard/Desktop/cp4/Yummy-Recipes-Reactjs/src/app/components/UserProfile.js","statementMap":{"0":{"start":{"line":1,"column":13},"end":{"line":1,"column":75}},"1":{"start":{"line":1,"column":75},"end":{"line":1,"column":107}},"2":{"start":{"line":1,"column":126},"end":{"line":1,"column":210}},"3":{"start":{"line":4,"column":13},"end":{"line":4,"column":29}},"4":{"start":{"line":4,"column":44},"end":{"line":4,"column":74}},"5":{"start":{"line":5,"column":0},"end":{"line":5,"column":35}},"6":{"start":{"line":5,"column":73},"end":{"line":5,"column":127}},"7":{"start":{"line":9,"column":4},"end":{"line":9,"column":17}},"8":{"start":{"line":10,"column":4},"end":{"line":11,"column":61}},"9":{"start":{"line":15,"column":4},"end":{"line":23,"column":163}},"10":{"start":{"line":28,"column":4},"end":{"line":28,"column":38}}},"fnMap":{"0":{"name":"_interopRequireDefault","decl":{"start":{"line":5,"column":44},"end":{"line":5,"column":66}},"loc":{"start":{"line":5,"column":72},"end":{"line":5,"column":128}},"line":5},"1":{"name":"(anonymous_1)","decl":{"start":{"line":8,"column":2},"end":{"line":8,"column":3}},"loc":{"start":{"line":8,"column":21},"end":{"line":13,"column":3}},"line":8},"2":{"name":"(anonymous_2)","decl":{"start":{"line":14,"column":2},"end":{"line":14,"column":3}},"loc":{"start":{"line":14,"column":11},"end":{"line":28,"column":3}},"line":14}},"branchMap":{"0":{"loc":{"start":{"line":5,"column":80},"end":{"line":5,"column":126}},"type":"cond-expr","locations":[{"start":{"line":5,"column":104},"end":{"line":5,"column":107}},{"start":{"line":5,"column":110},"end":{"line":5,"column":126}}],"line":5},"1":{"loc":{"start":{"line":5,"column":80},"end":{"line":5,"column":101}},"type":"binary-expr","locations":[{"start":{"line":5,"column":80},"end":{"line":5,"column":83}},{"start":{"line":5,"column":87},"end":{"line":5,"column":101}}],"line":5}},"s":{"0":0,"1":0,"2":0,"3":0,"4":0,"5":0,"6":0,"7":0,"8":0,"9":0,"10":0},"f":{"0":0,"1":0,"2":0},"b":{"0":[0,0],"1":[0,0]}}}
,"/Users/richard/Desktop/cp4/Yummy-Recipes-Reactjs/src/app/utils/Utility.js": {"data":{"path":"/Users/richard/Desktop/cp4/Yummy-Recipes-Reactjs/src/app/utils/Utility.js","statementMap":{"0":{"start":{"line":3,"column":12},"end":{"line":3,"column":52}},"1":{"start":{"line":4,"column":0},"end":{"line":4,"column":64}},"2":{"start":{"line":8,"column":2},"end":{"line":8,"column":25}},"3":{"start":{"line":9,"column":16},"end":{"line":9,"column":49}},"4":{"start":{"line":10,"column":16},"end":{"line":10,"column":49}},"5":{"start":{"line":11,"column":19},"end":{"line":11,"column":55}},"6":{"start":{"line":12,"column":19},"end":{"line":12,"column":55}},"7":{"start":{"line":13,"column":15},"end":{"line":13,"column":84}},"8":{"start":{"line":14,"column":2},"end":{"line":27,"column":3}},"9":{"start":{"line":15,"column":4},"end":{"line":24,"column":9}},"10":{"start":{"line":17,"column":8},"end":{"line":17,"column":32}},"11":{"start":{"line":18,"column":8},"end":{"line":18,"column":40}},"12":{"start":{"line":21,"column":8},"end":{"line":23,"column":9}},"13":{"start":{"line":22,"column":10},"end":{"line":22,"column":45}},"14":{"start":{"line":26,"column":4},"end":{"line":26,"column":40}},"15":{"start":{"line":28,"column":2},"end":{"line":28,"column":41}},"16":{"start":{"line":29,"column":2},"end":{"line":29,"column":41}},"17":{"start":{"line":30,"column":2},"end":{"line":30,"column":44}},"18":{"start":{"line":31,"column":2},"end":{"line":31,"column":44}},"19":{"start":{"line":34,"column":17},"end":{"line":34,"column":81}},"20":{"start":{"line":35,"column":2},"end":{"line":43,"column":7}},"21":{"start":{"line":37,"column":6},"end":{"line":37,"column":69}},"22":{"start":{"line":40,"column":6},"end":{"line":42,"column":7}},"23":{"start":{"line":41,"column":8},"end":{"line":41,"column":43}},"24":{"start":{"line":46,"column":2},"end":{"line":46,"column":25}},"25":{"start":{"line":47,"column":19},"end":{"line":47,"column":55}},"26":{"start":{"line":48,"column":19},"end":{"line":48,"column":55}},"27":{"start":{"line":49,"column":15},"end":{"line":49,"column":57}},"28":{"start":{"line":50,"column":2},"end":{"line":65,"column":3}},"29":{"start":{"line":51,"column":4},"end":{"line":62,"column":9}},"30":{"start":{"line":53,"column":8},"end":{"line":53,"column":59}},"31":{"start":{"line":54,"column":8},"end":{"line":54,"column":35}},"32":{"start":{"line":55,"column":8},"end":{"line":55,"column":47}},"33":{"start":{"line":56,"column":8},"end":{"line":56,"column":52}},"34":{"start":{"line":59,"column":8},"end":{"line":61,"column":9}},"35":{"start":{"line":60,"column":10},"end":{"line":60,"column":45}},"36":{"start":{"line":64,"column":4},"end":{"line":64,"column":40}},"37":{"start":{"line":66,"column":2},"end":{"line":66,"column":44}},"38":{"start":{"line":67,"column":2},"end":{"line":67,"column":44}},"39":{"start":{"line":70,"column":2},"end":{"line":70,"column":79}},"40":{"start":{"line":71,"column":2},"end":{"line":88,"column":7}},"41":{"start":{"line":73,"column":6},"end":{"line":73,"column":30}},"42":{"start":{"line":74,"column":6},"end":{"line":74,"column":52}},"43":{"start":{"line":75,"column":6},"end":{"line":75,"column":49}},"44":{"start":{"line":76,"column":6},"end":{"line":76,"column":51}},"45":{"start":{"line":77,"column":6},"end":{"line":77,"column":48}},"46":{"start":{"line":78,"column":6},"end":{"line":78,"column":49}},"47":{"start":{"line":79,"column":6},"end":{"line":79,"column":51}},"48":{"start":{"line":80,"column":6},"end":{"line":80,"column":54}},"49":{"start":{"line":81,"column":6},"end":{"line":81,"column":34}},"50":{"start":{"line":82,"column":6},"end":{"line":82,"column":38}},"51":{"start":{"line":85,"column":6},"end":{"line":87,"column":7}},"52":{"start":{"line":86,"column":8},"end":{"line":86,"column":43}},"53":{"start":{"line":91,"column":17},"end":{"line":91,"column":81}},"54":{"start":{"line":92,"column":2},"end":{"line":101,"column":7}},"55":{"start":{"line":94,"column":6},"end":{"line":94,"column":27}},"56":{"start":{"line":97,"column":6},"end":{"line":100,"column":7}},"57":{"start":{"line":98,"column":8},"end":{"line":98,"column":43}},"58":{"start":{"line":99,"column":8},"end":{"line":99,"column":29}},"59":{"start":{"line":105,"column":2},"end":{"line":105,"column":25}},"60":{"start":{"line":106,"column":18},"end":{"line":106,"column":53}},"61":{"start":{"line":107,"column":18},"end":{"line":107,"column":53}},"62":{"start":{"line":108,"column":15},"end":{"line":108,"column":54}},"63":{"start":{"line":109,"column":17},"end":{"line":109,"column":81}},"64":{"start":{"line":110,"column":2},"end":{"line":123,"column":3}},"65":{"start":{"line":111,"column":4},"end":{"line":120,"column":9}},"66":{"start":{"line":113,"column":8},"end":{"line":113,"column":32}},"67":{"start":{"line":114,"column":8},"end":{"line":114,"column":27}},"68":{"start":{"line":117,"column":8},"end":{"line":119,"column":9}},"69":{"start":{"line":118,"column":10},"end":{"line":118,"column":45}},"70":{"start":{"line":122,"column":4},"end":{"line":122,"column":40}},"71":{"start":{"line":124,"column":2},"end":{"line":124,"column":43}},"72":{"start":{"line":125,"column":2},"end":{"line":125,"column":43}},"73":{"start":{"line":128,"column":2},"end":{"line":128,"column":25}},"74":{"start":{"line":129,"column":16},"end":{"line":129,"column":49}},"75":{"start":{"line":130,"column":18},"end":{"line":130,"column":53}},"76":{"start":{"line":131,"column":18},"end":{"line":131,"column":53}},"77":{"start":{"line":132,"column":15},"end":{"line":132,"column":54}},"78":{"start":{"line":133,"column":17},"end":{"line":133,"column":81}},"79":{"start":{"line":134,"column":2},"end":{"line":140,"column":7}},"80":{"start":{"line":136,"column":6},"end":{"line":136,"column":35}},"81":{"start":{"line":139,"column":6},"end":{"line":139,"column":41}},"82":{"start":{"line":143,"column":17},"end":{"line":143,"column":81}},"83":{"start":{"line":144,"column":16},"end":{"line":144,"column":18}},"84":{"start":{"line":145,"column":2},"end":{"line":152,"column":3}},"85":{"start":{"line":146,"column":4},"end":{"line":146,"column":32}},"86":{"start":{"line":147,"column":9},"end":{"line":152,"column":3}},"87":{"start":{"line":148,"column":4},"end":{"line":148,"column":40}},"88":{"start":{"line":149,"column":4},"end":{"line":149,"column":45}},"89":{"start":{"line":151,"column":4},"end":{"line":151,"column":19}},"90":{"start":{"line":153,"column":2},"end":{"line":165,"column":7}},"91":{"start":{"line":155,"column":6},"end":{"line":155,"column":76}},"92":{"start":{"line":156,"column":6},"end":{"line":156,"column":82}},"93":{"start":{"line":157,"column":6},"end":{"line":157,"column":85}},"94":{"start":{"line":160,"column":6},"end":{"line":164,"column":7}},"95":{"start":{"line":161,"column":27},"end":{"line":161,"column":86}},"96":{"start":{"line":162,"column":8},"end":{"line":162,"column":71}},"97":{"start":{"line":163,"column":8},"end":{"line":163,"column":88}},"98":{"start":{"line":168,"column":17},"end":{"line":168,"column":81}},"99":{"start":{"line":169,"column":2},"end":{"line":177,"column":7}},"100":{"start":{"line":171,"column":6},"end":{"line":171,"column":82}},"101":{"start":{"line":174,"column":6},"end":{"line":176,"column":7}},"102":{"start":{"line":175,"column":8},"end":{"line":175,"column":88}},"103":{"start":{"line":180,"column":17},"end":{"line":180,"column":81}},"104":{"start":{"line":181,"column":2},"end":{"line":189,"column":7}},"105":{"start":{"line":183,"column":6},"end":{"line":183,"column":35}},"106":{"start":{"line":186,"column":6},"end":{"line":188,"column":7}},"107":{"start":{"line":187,"column":8},"end":{"line":187,"column":43}},"108":{"start":{"line":193,"column":2},"end":{"line":193,"column":25}},"109":{"start":{"line":194,"column":16},"end":{"line":194,"column":63}},"110":{"start":{"line":195,"column":18},"end":{"line":195,"column":53}},"111":{"start":{"line":196,"column":18},"end":{"line":196,"column":53}},"112":{"start":{"line":197,"column":15},"end":{"line":197,"column":74}},"113":{"start":{"line":198,"column":17},"end":{"line":198,"column":81}},"114":{"start":{"line":199,"column":2},"end":{"line":211,"column":3}},"115":{"start":{"line":200,"column":4},"end":{"line":208,"column":9}},"116":{"start":{"line":202,"column":8},"end":{"line":202,"column":32}},"117":{"start":{"line":205,"column":8},"end":{"line":207,"column":9}},"118":{"start":{"line":206,"column":10},"end":{"line":206,"column":45}},"119":{"start":{"line":210,"column":4},"end":{"line":210,"column":40}},"120":{"start":{"line":212,"column":2},"end":{"line":212,"column":43}},"121":{"start":{"line":213,"column":2},"end":{"line":213,"column":43}},"122":{"start":{"line":216,"column":2},"end":{"line":216,"column":25}},"123":{"start":{"line":217,"column":16},"end":{"line":217,"column":49}},"124":{"start":{"line":218,"column":19},"end":{"line":218,"column":55}},"125":{"start":{"line":219,"column":17},"end":{"line":219,"column":51}},"126":{"start":{"line":220,"column":15},"end":{"line":220,"column":54}},"127":{"start":{"line":221,"column":17},"end":{"line":221,"column":81}},"128":{"start":{"line":222,"column":2},"end":{"line":228,"column":7}},"129":{"start":{"line":224,"column":6},"end":{"line":224,"column":35}},"130":{"start":{"line":227,"column":6},"end":{"line":227,"column":41}},"131":{"start":{"line":231,"column":17},"end":{"line":231,"column":81}},"132":{"start":{"line":232,"column":16},"end":{"line":232,"column":18}},"133":{"start":{"line":233,"column":2},"end":{"line":237,"column":3}},"134":{"start":{"line":234,"column":4},"end":{"line":234,"column":53}},"135":{"start":{"line":236,"column":4},"end":{"line":236,"column":40}},"136":{"start":{"line":238,"column":2},"end":{"line":249,"column":7}},"137":{"start":{"line":240,"column":6},"end":{"line":240,"column":72}},"138":{"start":{"line":241,"column":6},"end":{"line":241,"column":79}},"139":{"start":{"line":244,"column":6},"end":{"line":248,"column":7}},"140":{"start":{"line":245,"column":25},"end":{"line":245,"column":84}},"141":{"start":{"line":246,"column":8},"end":{"line":246,"column":67}},"142":{"start":{"line":247,"column":8},"end":{"line":247,"column":91}},"143":{"start":{"line":252,"column":17},"end":{"line":252,"column":81}},"144":{"start":{"line":253,"column":2},"end":{"line":261,"column":7}},"145":{"start":{"line":255,"column":6},"end":{"line":255,"column":35}},"146":{"start":{"line":258,"column":6},"end":{"line":260,"column":7}},"147":{"start":{"line":259,"column":8},"end":{"line":259,"column":43}}},"fnMap":{"0":{"name":"registerUser","decl":{"start":{"line":7,"column":16},"end":{"line":7,"column":28}},"loc":{"start":{"line":7,"column":36},"end":{"line":32,"column":1}},"line":7},"1":{"name":"(anonymous_1)","decl":{"start":{"line":16,"column":12},"end":{"line":16,"column":13}},"loc":{"start":{"line":16,"column":27},"end":{"line":19,"column":7}},"line":16},"2":{"name":"(anonymous_2)","decl":{"start":{"line":20,"column":13},"end":{"line":20,"column":14}},"loc":{"start":{"line":20,"column":30},"end":{"line":24,"column":7}},"line":20},"3":{"name":"getUser","decl":{"start":{"line":33,"column":16},"end":{"line":33,"column":23}},"loc":{"start":{"line":33,"column":26},"end":{"line":44,"column":1}},"line":33},"4":{"name":"(anonymous_4)","decl":{"start":{"line":36,"column":10},"end":{"line":36,"column":11}},"loc":{"start":{"line":36,"column":25},"end":{"line":38,"column":5}},"line":36},"5":{"name":"(anonymous_5)","decl":{"start":{"line":39,"column":11},"end":{"line":39,"column":12}},"loc":{"start":{"line":39,"column":28},"end":{"line":43,"column":5}},"line":39},"6":{"name":"loginUser","decl":{"start":{"line":45,"column":16},"end":{"line":45,"column":25}},"loc":{"start":{"line":45,"column":33},"end":{"line":68,"column":1}},"line":45},"7":{"name":"(anonymous_7)","decl":{"start":{"line":52,"column":12},"end":{"line":52,"column":13}},"loc":{"start":{"line":52,"column":32},"end":{"line":57,"column":7}},"line":52},"8":{"name":"(anonymous_8)","decl":{"start":{"line":58,"column":13},"end":{"line":58,"column":14}},"loc":{"start":{"line":58,"column":30},"end":{"line":62,"column":7}},"line":58},"9":{"name":"logoutUser","decl":{"start":{"line":69,"column":16},"end":{"line":69,"column":26}},"loc":{"start":{"line":69,"column":29},"end":{"line":89,"column":1}},"line":69},"10":{"name":"(anonymous_10)","decl":{"start":{"line":72,"column":10},"end":{"line":72,"column":11}},"loc":{"start":{"line":72,"column":25},"end":{"line":83,"column":5}},"line":72},"11":{"name":"(anonymous_11)","decl":{"start":{"line":84,"column":11},"end":{"line":84,"column":12}},"loc":{"start":{"line":84,"column":28},"end":{"line":88,"column":5}},"line":84},"12":{"name":"deleteUser","decl":{"start":{"line":90,"column":16},"end":{"line":90,"column":26}},"loc":{"start":{"line":90,"column":29},"end":{"line":102,"column":1}},"line":90},"13":{"name":"(anonymous_13)","decl":{"start":{"line":93,"column":10},"end":{"line":93,"column":11}},"loc":{"start":{"line":93,"column":22},"end":{"line":95,"column":5}},"line":93},"14":{"name":"(anonymous_14)","decl":{"start":{"line":96,"column":11},"end":{"line":96,"column":12}},"loc":{"start":{"line":96,"column":28},"end":{"line":101,"column":5}},"line":96},"15":{"name":"addCategory","decl":{"start":{"line":104,"column":16},"end":{"line":104,"column":27}},"loc":{"start":{"line":104,"column":35},"end":{"line":126,"column":1}},"line":104},"16":{"name":"(anonymous_16)","decl":{"start":{"line":112,"column":12},"end":{"line":112,"column":13}},"loc":{"start":{"line":112,"column":27},"end":{"line":115,"column":7}},"line":112},"17":{"name":"(anonymous_17)","decl":{"start":{"line":116,"column":13},"end":{"line":116,"column":14}},"loc":{"start":{"line":116,"column":30},"end":{"line":120,"column":7}},"line":116},"18":{"name":"updateCategory","decl":{"start":{"line":127,"column":16},"end":{"line":127,"column":30}},"loc":{"start":{"line":127,"column":38},"end":{"line":141,"column":1}},"line":127},"19":{"name":"(anonymous_19)","decl":{"start":{"line":135,"column":10},"end":{"line":135,"column":11}},"loc":{"start":{"line":135,"column":30},"end":{"line":137,"column":5}},"line":135},"20":{"name":"(anonymous_20)","decl":{"start":{"line":138,"column":11},"end":{"line":138,"column":12}},"loc":{"start":{"line":138,"column":28},"end":{"line":140,"column":5}},"line":138},"21":{"name":"getCategory","decl":{"start":{"line":142,"column":16},"end":{"line":142,"column":27}},"loc":{"start":{"line":142,"column":34},"end":{"line":166,"column":1}},"line":142},"22":{"name":"(anonymous_22)","decl":{"start":{"line":154,"column":10},"end":{"line":154,"column":11}},"loc":{"start":{"line":154,"column":25},"end":{"line":158,"column":5}},"line":154},"23":{"name":"(anonymous_23)","decl":{"start":{"line":159,"column":11},"end":{"line":159,"column":12}},"loc":{"start":{"line":159,"column":28},"end":{"line":165,"column":5}},"line":159},"24":{"name":"searchCategory","decl":{"start":{"line":167,"column":16},"end":{"line":167,"column":30}},"loc":{"start":{"line":167,"column":37},"end":{"line":178,"column":1}},"line":167},"25":{"name":"(anonymous_25)","decl":{"start":{"line":170,"column":10},"end":{"line":170,"column":11}},"loc":{"start":{"line":170,"column":25},"end":{"line":172,"column":5}},"line":170},"26":{"name":"(anonymous_26)","decl":{"start":{"line":173,"column":11},"end":{"line":173,"column":12}},"loc":{"start":{"line":173,"column":28},"end":{"line":177,"column":5}},"line":173},"27":{"name":"deleteCategory","decl":{"start":{"line":179,"column":16},"end":{"line":179,"column":30}},"loc":{"start":{"line":179,"column":35},"end":{"line":190,"column":1}},"line":179},"28":{"name":"(anonymous_28)","decl":{"start":{"line":182,"column":10},"end":{"line":182,"column":11}},"loc":{"start":{"line":182,"column":30},"end":{"line":184,"column":5}},"line":182},"29":{"name":"(anonymous_29)","decl":{"start":{"line":185,"column":11},"end":{"line":185,"column":12}},"loc":{"start":{"line":185,"column":28},"end":{"line":189,"column":5}},"line":185},"30":{"name":"addRecipe","decl":{"start":{"line":192,"column":16},"end":{"line":192,"column":25}},"loc":{"start":{"line":192,"column":33},"end":{"line":214,"column":1}},"line":192},"31":{"name":"(anonymous_31)","decl":{"start":{"line":201,"column":12},"end":{"line":201,"column":13}},"loc":{"start":{"line":201,"column":27},"end":{"line":203,"column":7}},"line":201},"32":{"name":"(anonymous_32)","decl":{"start":{"line":204,"column":13},"end":{"line":204,"column":14}},"loc":{"start":{"line":204,"column":30},"end":{"line":208,"column":7}},"line":204},"33":{"name":"updateRecipe","decl":{"start":{"line":215,"column":16},"end":{"line":215,"column":28}},"loc":{"start":{"line":215,"column":36},"end":{"line":229,"column":1}},"line":215},"34":{"name":"(anonymous_34)","decl":{"start":{"line":223,"column":10},"end":{"line":223,"column":11}},"loc":{"start":{"line":223,"column":30},"end":{"line":225,"column":5}},"line":223},"35":{"name":"(anonymous_35)","decl":{"start":{"line":226,"column":11},"end":{"line":226,"column":12}},"loc":{"start":{"line":226,"column":28},"end":{"line":228,"column":5}},"line":226},"36":{"name":"getRecipe","decl":{"start":{"line":230,"column":16},"end":{"line":230,"column":25}},"loc":{"start":{"line":230,"column":32},"end":{"line":250,"column":1}},"line":230},"37":{"name":"(anonymous_37)","decl":{"start":{"line":239,"column":10},"end":{"line":239,"column":11}},"loc":{"start":{"line":239,"column":25},"end":{"line":242,"column":5}},"line":239},"38":{"name":"(anonymous_38)","decl":{"start":{"line":243,"column":11},"end":{"line":243,"column":12}},"loc":{"start":{"line":243,"column":28},"end":{"line":249,"column":5}},"line":243},"39":{"name":"deleteRecipe","decl":{"start":{"line":251,"column":16},"end":{"line":251,"column":28}},"loc":{"start":{"line":251,"column":33},"end":{"line":262,"column":1}},"line":251},"40":{"name":"(anonymous_40)","decl":{"start":{"line":254,"column":10},"end":{"line":254,"column":11}},"loc":{"start":{"line":254,"column":30},"end":{"line":256,"column":5}},"line":254},"41":{"name":"(anonymous_41)","decl":{"start":{"line":257,"column":11},"end":{"line":257,"column":12}},"loc":{"start":{"line":257,"column":28},"end":{"line":261,"column":5}},"line":257}},"branchMap":{"0":{"loc":{"start":{"line":14,"column":2},"end":{"line":27,"column":3}},"type":"if","locations":[{"start":{"line":14,"column":2},"end":{"line":27,"column":3}},{"start":{"line":14,"column":2},"end":{"line":27,"column":3}}],"line":14},"1":{"loc":{"start":{"line":14,"column":6},"end":{"line":14,"column":72}},"type":"binary-expr","locations":[{"start":{"line":14,"column":6},"end":{"line":14,"column":18}},{"start":{"line":14,"column":22},"end":{"line":14,"column":34}},{"start":{"line":14,"column":38},"end":{"line":14,"column":53}},{"start":{"line":14,"column":57},"end":{"line":14,"column":72}}],"line":14},"2":{"loc":{"start":{"line":21,"column":8},"end":{"line":23,"column":9}},"type":"if","locations":[{"start":{"line":21,"column":8},"end":{"line":23,"column":9}},{"start":{"line":21,"column":8},"end":{"line":23,"column":9}}],"line":21},"3":{"loc":{"start":{"line":40,"column":6},"end":{"line":42,"column":7}},"type":"if","locations":[{"start":{"line":40,"column":6},"end":{"line":42,"column":7}},{"start":{"line":40,"column":6},"end":{"line":42,"column":7}}],"line":40},"4":{"loc":{"start":{"line":50,"column":2},"end":{"line":65,"column":3}},"type":"if","locations":[{"start":{"line":50,"column":2},"end":{"line":65,"column":3}},{"start":{"line":50,"column":2},"end":{"line":65,"column":3}}],"line":50},"5":{"loc":{"start":{"line":50,"column":6},"end":{"line":50,"column":40}},"type":"binary-expr","locations":[{"start":{"line":50,"column":6},"end":{"line":50,"column":21}},{"start":{"line":50,"column":25},"end":{"line":50,"column":40}}],"line":50},"6":{"loc":{"start":{"line":59,"column":8},"end":{"line":61,"column":9}},"type":"if","locations":[{"start":{"line":59,"column":8},"end":{"line":61,"column":9}},{"start":{"line":59,"column":8},"end":{"line":61,"column":9}}],"line":59},"7":{"loc":{"start":{"line":85,"column":6},"end":{"line":87,"column":7}},"type":"if","locations":[{"start":{"line":85,"column":6},"end":{"line":87,"column":7}},{"start":{"line":85,"column":6},"end":{"line":87,"column":7}}],"line":85},"8":{"loc":{"start":{"line":97,"column":6},"end":{"line":100,"column":7}},"type":"if","locations":[{"start":{"line":97,"column":6},"end":{"line":100,"column":7}},{"start":{"line":97,"column":6},"end":{"line":100,"column":7}}],"line":97},"9":{"loc":{"start":{"line":110,"column":2},"end":{"line":123,"column":3}},"type":"if","locations":[{"start":{"line":110,"column":2},"end":{"line":123,"column":3}},{"start":{"line":110,"column":2},"end":{"line":123,"column":3}}],"line":110},"10":{"loc":{"start":{"line":110,"column":6},"end":{"line":110,"column":38}},"type":"binary-expr","locations":[{"start":{"line":110,"column":6},"end":{"line":110,"column":20}},{"start":{"line":110,"column":24},"end":{"line":110,"column":38}}],"line":110},"11":{"loc":{"start":{"line":117,"column":8},"end":{"line":119,"column":9}},"type":"if","locations":[{"start":{"line":117,"column":8},"end":{"line":119,"column":9}},{"start":{"line":117,"column":8},"end":{"line":119,"column":9}}],"line":117},"12":{"loc":{"start":{"line":145,"column":2},"end":{"line":152,"column":3}},"type":"if","locations":[{"start":{"line":145,"column":2},"end":{"line":152,"column":3}},{"start":{"line":145,"column":2},"end":{"line":152,"column":3}}],"line":145},"13":{"loc":{"start":{"line":147,"column":9},"end":{"line":152,"column":3}},"type":"if","locations":[{"start":{"line":147,"column":9},"end":{"line":152,"column":3}},{"start":{"line":147,"column":9},"end":{"line":152,"column":3}}],"line":147},"14":{"loc":{"start":{"line":147,"column":13},"end":{"line":147,"column":49}},"type":"binary-expr","locations":[{"start":{"line":147,"column":13},"end":{"line":147,"column":37}},{"start":{"line":147,"column":41},"end":{"line":147,"column":49}}],"line":147},"15":{"loc":{"start":{"line":160,"column":6},"end":{"line":164,"column":7}},"type":"if","locations":[{"start":{"line":160,"column":6},"end":{"line":164,"column":7}},{"start":{"line":160,"column":6},"end":{"line":164,"column":7}}],"line":160},"16":{"loc":{"start":{"line":174,"column":6},"end":{"line":176,"column":7}},"type":"if","locations":[{"start":{"line":174,"column":6},"end":{"line":176,"column":7}},{"start":{"line":174,"column":6},"end":{"line":176,"column":7}}],"line":174},"17":{"loc":{"start":{"line":186,"column":6},"end":{"line":188,"column":7}},"type":"if","locations":[{"start":{"line":186,"column":6},"end":{"line":188,"column":7}},{"start":{"line":186,"column":6},"end":{"line":188,"column":7}}],"line":186},"18":{"loc":{"start":{"line":199,"column":2},"end":{"line":211,"column":3}},"type":"if","locations":[{"start":{"line":199,"column":2},"end":{"line":211,"column":3}},{"start":{"line":199,"column":2},"end":{"line":211,"column":3}}],"line":199},"19":{"loc":{"start":{"line":199,"column":6},"end":{"line":199,"column":54}},"type":"binary-expr","locations":[{"start":{"line":199,"column":6},"end":{"line":199,"column":18}},{"start":{"line":199,"column":22},"end":{"line":199,"column":36}},{"start":{"line":199,"column":40},"end":{"line":199,"column":54}}],"line":199},"20":{"loc":{"start":{"line":205,"column":8},"end":{"line":207,"column":9}},"type":"if","locations":[{"start":{"line":205,"column":8},"end":{"line":207,"column":9}},{"start":{"line":205,"column":8},"end":{"line":207,"column":9}}],"line":205},"21":{"loc":{"start":{"line":233,"column":2},"end":{"line":237,"column":3}},"type":"if","locations":[{"start":{"line":233,"column":2},"end":{"line":237,"column":3}},{"start":{"line":233,"column":2},"end":{"line":237,"column":3}}],"line":233},"22":{"loc":{"start":{"line":233,"column":6},"end":{"line":233,"column":42}},"type":"binary-expr","locations":[{"start":{"line":233,"column":6},"end":{"line":233,"column":30}},{"start":{"line":233,"column":34},"end":{"line":233,"column":42}}],"line":233},"23":{"loc":{"start":{"line":244,"column":6},"end":{"line":248,"column":7}},"type":"if","locations":[{"start":{"line":244,"column":6},"end":{"line":248,"column":7}},{"start":{"line":244,"column":6},"end":{"line":248,"column":7}}],"line":244},"24":{"loc":{"start":{"line":258,"column":6},"end":{"line":260,"column":7}},"type":"if","locations":[{"start":{"line":258,"column":6},"end":{"line":260,"column":7}},{"start":{"line":258,"column":6},"end":{"line":260,"column":7}}],"line":258}},"s":{"0":1,"1":1,"2":0,"3":0,"4":0,"5":0,"6":0,"7":0,"8":0,"9":0,"10":0,"11":0,"12":0,"13":0,"14":0,"15":0,"16":0,"17":0,"18":0,"19":0,"20":0,"21":0,"22":0,"23":0,"24":0,"25":0,"26":0,"27":0,"28":0,"29":0,"30":0,"31":0,"32":0,"33":0,"34":0,"35":0,"36":0,"37":0,"38":0,"39":0,"40":0,"41":0,"42":0,"43":0,"44":0,"45":0,"46":0,"47":0,"48":0,"49":0,"50":0,"51":0,"52":0,"53":0,"54":0,"55":0,"56":0,"57":0,"58":0,"59":0,"60":0,"61":0,"62":0,"63":0,"64":0,"65":0,"66":0,"67":0,"68":0,"69":0,"70":0,"71":0,"72":0,"73":0,"74":0,"75":0,"76":0,"77":0,"78":0,"79":0,"80":0,"81":0,"82":0,"83":0,"84":0,"85":0,"86":0,"87":0,"88":0,"89":0,"90":0,"91":0,"92":0,"93":0,"94":0,"95":0,"96":0,"97":0,"98":0,"99":0,"100":0,"101":0,"102":0,"103":0,"104":0,"105":0,"106":0,"107":0,"108":0,"109":0,"110":0,"111":0,"112":0,"113":0,"114":0,"115":0,"116":0,"117":0,"118":0,"119":0,"120":0,"121":0,"122":0,"123":0,"124":0,"125":0,"126":0,"127":0,"128":0,"129":0,"130":0,"131":0,"132":0,"133":0,"134":0,"135":0,"136":0,"137":0,"138":0,"139":0,"140":0,"141":0,"142":0,"143":0,"144":0,"145":0,"146":0,"147":0},"f":{"0":0,"1":0,"2":0,"3":0,"4":0,"5":0,"6":0,"7":0,"8":0,"9":0,"10":0,"11":0,"12":0,"13":0,"14":0,"15":0,"16":0,"17":0,"18":0,"19":0,"20":0,"21":0,"22":0,"23":0,"24":0,"25":0,"26":0,"27":0,"28":0,"29":0,"30":0,"31":0,"32":0,"33":0,"34":0,"35":0,"36":0,"37":0,"38":0,"39":0,"40":0,"41":0},"b":{"0":[0,0],"1":[0,0,0,0],"2":[0,0],"3":[0,0],"4":[0,0],"5":[0,0],"6":[0,0],"7":[0,0],"8":[0,0],"9":[0,0],"10":[0,0],"11":[0,0],"12":[0,0],"13":[0,0],"14":[0,0],"15":[0,0],"16":[0,0],"17":[0,0],"18":[0,0],"19":[0,0,0],"20":[0,0],"21":[0,0],"22":[0,0],"23":[0,0],"24":[0,0]},"_coverageSchema":"332fd63041d2c1bcb487cc26dd0d5f7d97098a6c","hash":"bf4b93e3ec02e9afd70e31f464305b7c4e4664b8"}}
}
