TN:
SF:/Users/richard/Desktop/cp4/Yummy-Recipes-Reactjs/src/index.js
FN:4,_interopRequireDefault
FNF:1
FNH:0
FNDA:0,_interopRequireDefault
DA:1,0
DA:2,0
DA:4,0
DA:6,0
LF:4
LH:0
BRDA:4,0,0,0
BRDA:4,0,1,0
BRDA:4,1,0,0
BRDA:4,1,1,0
BRF:4
BRH:0
end_of_record
TN:
SF:/Users/richard/Desktop/cp4/Yummy-Recipes-Reactjs/src/setupTests.js
FNF:0
FNH:0
DA:6,15
DA:8,15
DA:14,15
LF:3
LH:3
BRF:0
BRH:0
end_of_record
TN:
SF:/Users/richard/Desktop/cp4/Yummy-Recipes-Reactjs/src/app/components/category/AddCategory.js
FN:6,(anonymous_0)
FN:14,(anonymous_1)
FNF:2
FNH:1
FNDA:0,(anonymous_0)
FNDA:2,(anonymous_1)
DA:7,0
DA:8,0
DA:9,0
DA:10,0
DA:15,2
LF:5
LH:1
BRF:0
BRH:0
end_of_record
TN:
SF:/Users/richard/Desktop/cp4/Yummy-Recipes-Reactjs/src/app/components/category/CategoryReport.js
FN:14,(anonymous_0)
FN:25,(anonymous_1)
FN:35,(anonymous_2)
FN:43,(anonymous_3)
FN:54,(anonymous_4)
FN:57,(anonymous_5)
FN:62,(anonymous_6)
FN:66,(anonymous_7)
FN:71,(anonymous_8)
FN:74,(anonymous_9)
FN:78,(anonymous_10)
FN:80,(anonymous_11)
FN:154,(anonymous_12)
FNF:13
FNH:4
FNDA:2,(anonymous_0)
FNDA:2,(anonymous_1)
FNDA:0,(anonymous_2)
FNDA:0,(anonymous_3)
FNDA:2,(anonymous_4)
FNDA:0,(anonymous_5)
FNDA:0,(anonymous_6)
FNDA:0,(anonymous_7)
FNDA:0,(anonymous_8)
FNDA:0,(anonymous_9)
FNDA:2,(anonymous_10)
FNDA:0,(anonymous_11)
FNDA:0,(anonymous_12)
DA:9,4
DA:11,4
DA:15,2
DA:16,2
DA:26,2
DA:27,2
DA:28,2
DA:29,2
DA:30,2
DA:32,0
DA:34,2
DA:36,0
DA:44,0
DA:45,0
DA:55,2
DA:58,0
DA:59,0
DA:60,0
DA:63,0
DA:64,0
DA:66,0
DA:67,0
DA:69,0
DA:72,0
DA:75,0
DA:76,0
DA:79,2
DA:81,0
DA:83,2
DA:84,2
DA:85,2
DA:98,2
DA:99,2
DA:108,2
DA:123,2
DA:155,0
LF:36
LH:19
BRDA:29,0,0,2
BRDA:29,0,1,0
BRDA:29,1,0,2
BRDA:29,1,1,2
BRDA:63,2,0,0
BRDA:63,2,1,0
BRDA:79,3,0,2
BRDA:79,3,1,0
BRDA:84,4,0,2
BRDA:84,4,1,0
BRDA:95,5,0,0
BRDA:95,5,1,2
BRDA:113,6,0,0
BRDA:113,6,1,2
BRDA:125,7,0,0
BRDA:125,7,1,2
BRDA:262,8,0,0
BRDA:262,8,1,0
BRF:18
BRH:8
end_of_record
TN:
SF:/Users/richard/Desktop/cp4/Yummy-Recipes-Reactjs/src/app/components/home/App.js
FN:10,(anonymous_0)
FNF:1
FNH:1
FNDA:2,(anonymous_0)
DA:11,2
LF:1
LH:1
BRF:0
BRH:0
end_of_record
TN:
SF:/Users/richard/Desktop/cp4/Yummy-Recipes-Reactjs/src/app/components/home/Dashboard.js
FN:6,(anonymous_0)
FNF:1
FNH:1
FNDA:2,(anonymous_0)
DA:7,2
LF:1
LH:1
BRF:0
BRH:0
end_of_record
TN:
SF:/Users/richard/Desktop/cp4/Yummy-Recipes-Reactjs/src/app/components/home/DashboardWelcome.js
FN:6,(anonymous_0)
FNF:1
FNH:1
FNDA:2,(anonymous_0)
DA:7,2
LF:1
LH:1
BRF:0
BRH:0
end_of_record
TN:
SF:/Users/richard/Desktop/cp4/Yummy-Recipes-Reactjs/src/app/components/home/Footer.js
FN:4,(anonymous_0)
FNF:1
FNH:1
FNDA:2,(anonymous_0)
DA:5,2
LF:1
LH:1
BRF:0
BRH:0
end_of_record
TN:
SF:/Users/richard/Desktop/cp4/Yummy-Recipes-Reactjs/src/app/components/home/Header.js
FN:18,(anonymous_0)
FNF:1
FNH:1
FNDA:2,(anonymous_0)
DA:19,2
DA:20,2
DA:21,0
DA:23,2
LF:4
LH:3
BRDA:20,0,0,0
BRDA:20,0,1,2
BRF:2
BRH:1
end_of_record
TN:
SF:/Users/richard/Desktop/cp4/Yummy-Recipes-Reactjs/src/app/components/home/Home.js
FN:13,(anonymous_0)
FNF:1
FNH:1
FNDA:2,(anonymous_0)
DA:14,2
LF:1
LH:1
BRF:0
BRH:0
end_of_record
TN:
SF:/Users/richard/Desktop/cp4/Yummy-Recipes-Reactjs/src/app/components/recipes/AddRecipe.js
FN:11,(anonymous_0)
FN:15,(anonymous_1)
FN:19,(anonymous_2)
FN:22,(anonymous_3)
FN:28,(anonymous_4)
FN:31,(anonymous_5)
FN:40,(anonymous_6)
FN:58,(anonymous_7)
FNF:8
FNH:4
FNDA:2,(anonymous_0)
FNDA:2,(anonymous_1)
FNDA:0,(anonymous_2)
FNDA:0,(anonymous_3)
FNDA:2,(anonymous_4)
FNDA:0,(anonymous_5)
FNDA:2,(anonymous_6)
FNDA:0,(anonymous_7)
DA:7,4
DA:8,4
DA:12,2
DA:13,2
DA:16,2
DA:17,2
DA:18,2
DA:20,0
DA:23,0
DA:24,0
DA:29,2
DA:32,0
DA:33,0
DA:34,0
DA:36,0
DA:41,2
DA:59,0
LF:17
LH:9
BRDA:23,0,0,0
BRDA:23,0,1,0
BRDA:57,1,0,0
BRDA:57,1,1,2
BRF:4
BRH:1
end_of_record
TN:
SF:/Users/richard/Desktop/cp4/Yummy-Recipes-Reactjs/src/app/components/recipes/RecipeReport.js
FN:12,(anonymous_0)
FN:24,(anonymous_1)
FN:28,(anonymous_2)
FN:31,(anonymous_3)
FN:37,(anonymous_4)
FN:52,(anonymous_5)
FN:62,(anonymous_6)
FN:76,(anonymous_7)
FN:80,(anonymous_8)
FN:86,(anonymous_9)
FN:90,(anonymous_10)
FN:95,(anonymous_11)
FN:98,(anonymous_12)
FN:108,(anonymous_13)
FN:112,(anonymous_14)
FN:114,(anonymous_15)
FN:168,(anonymous_16)
FN:201,(anonymous_17)
FNF:18
FNH:5
FNDA:2,(anonymous_0)
FNDA:2,(anonymous_1)
FNDA:0,(anonymous_2)
FNDA:0,(anonymous_3)
FNDA:2,(anonymous_4)
FNDA:0,(anonymous_5)
FNDA:0,(anonymous_6)
FNDA:2,(anonymous_7)
FNDA:0,(anonymous_8)
FNDA:0,(anonymous_9)
FNDA:0,(anonymous_10)
FNDA:0,(anonymous_11)
FNDA:0,(anonymous_12)
FNDA:0,(anonymous_13)
FNDA:2,(anonymous_14)
FNDA:0,(anonymous_15)
FNDA:0,(anonymous_16)
FNDA:0,(anonymous_17)
DA:8,4
DA:9,4
DA:13,2
DA:14,2
DA:25,2
DA:26,2
DA:27,2
DA:29,0
DA:32,0
DA:33,0
DA:38,2
DA:39,2
DA:40,2
DA:41,2
DA:42,2
DA:43,0
DA:45,2
DA:46,2
DA:48,0
DA:51,2
DA:53,0
DA:54,0
DA:63,0
DA:64,0
DA:65,0
DA:77,2
DA:78,2
DA:81,0
DA:82,0
DA:83,0
DA:84,0
DA:87,0
DA:88,0
DA:90,0
DA:91,0
DA:93,0
DA:96,0
DA:99,0
DA:100,0
DA:101,0
DA:103,0
DA:106,0
DA:109,0
DA:110,0
DA:113,2
DA:115,0
DA:117,2
DA:118,2
DA:119,2
DA:132,2
DA:133,2
DA:142,2
DA:157,2
DA:169,0
DA:202,0
LF:55
LH:25
BRDA:32,0,0,0
BRDA:32,0,1,0
BRDA:38,1,0,2
BRDA:38,1,1,0
BRDA:42,2,0,0
BRDA:42,2,1,2
BRDA:45,3,0,2
BRDA:45,3,1,0
BRDA:53,4,0,0
BRDA:53,4,1,0
BRDA:64,5,0,0
BRDA:64,5,1,0
BRDA:87,6,0,0
BRDA:87,6,1,0
BRDA:113,7,0,2
BRDA:113,7,1,0
BRDA:118,8,0,2
BRDA:118,8,1,0
BRDA:129,9,0,0
BRDA:129,9,1,2
BRDA:147,10,0,0
BRDA:147,10,1,2
BRDA:167,11,0,0
BRDA:167,11,1,2
BRDA:173,12,0,0
BRDA:173,12,1,2
BRDA:198,13,0,0
BRDA:198,13,1,0
BRDA:307,14,0,0
BRDA:307,14,1,0
BRDA:310,15,0,0
BRDA:310,15,1,0
BRF:32
BRH:9
end_of_record
TN:
SF:/Users/richard/Desktop/cp4/Yummy-Recipes-Reactjs/src/app/components/user/DeleteAccount.js
FN:14,(anonymous_0)
FN:19,(anonymous_1)
FN:23,(anonymous_2)
FN:26,(anonymous_3)
FN:32,(anonymous_4)
FNF:5
FNH:3
FNDA:2,(anonymous_0)
FNDA:2,(anonymous_1)
FNDA:0,(anonymous_2)
FNDA:0,(anonymous_3)
FNDA:2,(anonymous_4)
DA:9,4
DA:10,4
DA:15,2
DA:16,2
DA:17,2
DA:20,2
DA:21,2
DA:22,2
DA:24,0
DA:27,0
DA:28,0
DA:33,2
LF:12
LH:9
BRDA:27,0,0,0
BRDA:27,0,1,0
BRF:2
BRH:0
end_of_record
TN:
SF:/Users/richard/Desktop/cp4/Yummy-Recipes-Reactjs/src/app/components/user/Login.js
FN:10,(anonymous_0)
FNF:1
FNH:1
FNDA:2,(anonymous_0)
DA:11,2
LF:1
LH:1
BRF:0
BRH:0
end_of_record
TN:
SF:/Users/richard/Desktop/cp4/Yummy-Recipes-Reactjs/src/app/components/user/ResetPassword.js
FN:8,(anonymous_0)
FN:15,(anonymous_1)
FN:18,(anonymous_2)
FN:29,(anonymous_3)
FNF:4
FNH:1
FNDA:0,(anonymous_0)
FNDA:0,(anonymous_1)
FNDA:0,(anonymous_2)
FNDA:2,(anonymous_3)
DA:5,4
DA:9,0
DA:10,0
DA:11,0
DA:12,0
DA:13,0
DA:14,0
DA:16,0
DA:19,0
DA:20,0
DA:24,0
DA:26,0
DA:27,0
DA:30,2
LF:14
LH:2
BRDA:13,0,0,0
BRDA:13,0,1,0
BRDA:13,1,0,0
BRDA:13,1,1,0
BRDA:19,2,0,0
BRDA:19,2,1,0
BRF:6
BRH:0
end_of_record
TN:
SF:/Users/richard/Desktop/cp4/Yummy-Recipes-Reactjs/src/app/components/user/Signup.js
FN:9,(anonymous_0)
FNF:1
FNH:1
FNDA:2,(anonymous_0)
DA:10,2
LF:1
LH:1
BRF:0
BRH:0
end_of_record
TN:
SF:/Users/richard/Desktop/cp4/Yummy-Recipes-Reactjs/src/app/components/user/UserProfile.js
FN:12,(anonymous_0)
FN:17,(anonymous_1)
FN:21,(anonymous_2)
FN:24,(anonymous_3)
FN:30,(anonymous_4)
FNF:5
FNH:3
FNDA:2,(anonymous_0)
FNDA:2,(anonymous_1)
FNDA:0,(anonymous_2)
FNDA:0,(anonymous_3)
FNDA:2,(anonymous_4)
DA:8,4
DA:9,4
DA:13,2
DA:14,2
DA:15,2
DA:18,2
DA:19,2
DA:20,2
DA:22,0
DA:25,0
DA:26,0
DA:31,2
LF:12
LH:9
BRDA:25,0,0,0
BRDA:25,0,1,0
BRF:2
BRH:0
end_of_record
TN:
SF:/Users/richard/Desktop/cp4/Yummy-Recipes-Reactjs/src/app/controller/Category.js
FN:7,addCategory
FN:15,(anonymous_1)
FN:19,(anonymous_2)
FN:30,updateCategory
FN:38,(anonymous_4)
FN:41,(anonymous_5)
FN:45,getCategory
FN:47,searchCategory
FN:50,(anonymous_8)
FN:53,(anonymous_9)
FN:59,deleteCategory
FN:62,(anonymous_11)
FN:65,(anonymous_12)
FNF:13
FNH:0
FNDA:0,addCategory
FNDA:0,(anonymous_1)
FNDA:0,(anonymous_2)
FNDA:0,updateCategory
FNDA:0,(anonymous_4)
FNDA:0,(anonymous_5)
FNDA:0,getCategory
FNDA:0,searchCategory
FNDA:0,(anonymous_8)
FNDA:0,(anonymous_9)
FNDA:0,deleteCategory
FNDA:0,(anonymous_11)
FNDA:0,(anonymous_12)
DA:3,5
DA:4,5
DA:8,0
DA:9,0
DA:10,0
DA:11,0
DA:12,0
DA:13,0
DA:14,0
DA:16,0
DA:17,0
DA:20,0
DA:21,0
DA:25,0
DA:27,0
DA:28,0
DA:31,0
DA:32,0
DA:33,0
DA:34,0
DA:35,0
DA:36,0
DA:37,0
DA:39,0
DA:42,0
DA:48,0
DA:49,0
DA:51,0
DA:54,0
DA:55,0
DA:60,0
DA:61,0
DA:63,0
DA:66,0
DA:67,0
LF:35
LH:2
BRDA:13,0,0,0
BRDA:13,0,1,0
BRDA:13,1,0,0
BRDA:13,1,1,0
BRDA:20,2,0,0
BRDA:20,2,1,0
BRDA:54,3,0,0
BRDA:54,3,1,0
BRDA:66,4,0,0
BRDA:66,4,1,0
BRF:10
BRH:0
end_of_record
TN:
SF:/Users/richard/Desktop/cp4/Yummy-Recipes-Reactjs/src/app/controller/Recipes.js
FN:8,addRecipe
FN:17,(anonymous_1)
FN:20,(anonymous_2)
FN:31,updateRecipe
FN:39,(anonymous_4)
FN:42,(anonymous_5)
FN:46,getRecipe
FN:48,deleteRecipe
FN:51,(anonymous_8)
FN:54,(anonymous_9)
FNF:10
FNH:0
FNDA:0,addRecipe
FNDA:0,(anonymous_1)
FNDA:0,(anonymous_2)
FNDA:0,updateRecipe
FNDA:0,(anonymous_4)
FNDA:0,(anonymous_5)
FNDA:0,getRecipe
FNDA:0,deleteRecipe
FNDA:0,(anonymous_8)
FNDA:0,(anonymous_9)
DA:3,5
DA:4,5
DA:9,0
DA:10,0
DA:11,0
DA:12,0
DA:13,0
DA:14,0
DA:15,0
DA:16,0
DA:18,0
DA:21,0
DA:22,0
DA:26,0
DA:28,0
DA:29,0
DA:32,0
DA:33,0
DA:34,0
DA:35,0
DA:36,0
DA:37,0
DA:38,0
DA:40,0
DA:43,0
DA:49,0
DA:50,0
DA:52,0
DA:55,0
DA:56,0
LF:30
LH:2
BRDA:15,0,0,0
BRDA:15,0,1,0
BRDA:15,1,0,0
BRDA:15,1,1,0
BRDA:15,1,2,0
BRDA:21,2,0,0
BRDA:21,2,1,0
BRDA:55,3,0,0
BRDA:55,3,1,0
BRF:9
BRH:0
end_of_record
TN:
SF:/Users/richard/Desktop/cp4/Yummy-Recipes-Reactjs/src/app/controller/User.js
FN:6,registerUser
FN:15,(anonymous_1)
FN:19,(anonymous_2)
FN:32,getUser
FN:35,(anonymous_4)
FN:38,(anonymous_5)
FN:44,loginUser
FN:51,(anonymous_7)
FN:57,(anonymous_8)
FN:68,logoutUser
FN:71,(anonymous_10)
FN:83,(anonymous_11)
FN:89,deleteUser
FN:92,(anonymous_13)
FN:95,(anonymous_14)
FNF:15
FNH:0
FNDA:0,registerUser
FNDA:0,(anonymous_1)
FNDA:0,(anonymous_2)
FNDA:0,getUser
FNDA:0,(anonymous_4)
FNDA:0,(anonymous_5)
FNDA:0,loginUser
FNDA:0,(anonymous_7)
FNDA:0,(anonymous_8)
FNDA:0,logoutUser
FNDA:0,(anonymous_10)
FNDA:0,(anonymous_11)
FNDA:0,deleteUser
FNDA:0,(anonymous_13)
FNDA:0,(anonymous_14)
DA:3,6
DA:4,6
DA:7,0
DA:8,0
DA:9,0
DA:10,0
DA:11,0
DA:12,0
DA:13,0
DA:14,0
DA:16,0
DA:17,0
DA:20,0
DA:21,0
DA:25,0
DA:27,0
DA:28,0
DA:29,0
DA:30,0
DA:33,0
DA:34,0
DA:36,0
DA:39,0
DA:40,0
DA:45,0
DA:46,0
DA:47,0
DA:48,0
DA:49,0
DA:50,0
DA:52,0
DA:53,0
DA:54,0
DA:55,0
DA:58,0
DA:59,0
DA:63,0
DA:65,0
DA:66,0
DA:69,0
DA:70,0
DA:72,0
DA:73,0
DA:74,0
DA:75,0
DA:76,0
DA:77,0
DA:78,0
DA:79,0
DA:80,0
DA:81,0
DA:84,0
DA:85,0
DA:90,0
DA:91,0
DA:93,0
DA:96,0
DA:97,0
DA:98,0
LF:59
LH:2
BRDA:13,0,0,0
BRDA:13,0,1,0
BRDA:13,1,0,0
BRDA:13,1,1,0
BRDA:13,1,2,0
BRDA:13,1,3,0
BRDA:20,2,0,0
BRDA:20,2,1,0
BRDA:39,3,0,0
BRDA:39,3,1,0
BRDA:49,4,0,0
BRDA:49,4,1,0
BRDA:49,5,0,0
BRDA:49,5,1,0
BRDA:58,6,0,0
BRDA:58,6,1,0
BRDA:84,7,0,0
BRDA:84,7,1,0
BRDA:96,8,0,0
BRDA:96,8,1,0
BRF:20
BRH:0
end_of_record
TN:
SF:/Users/richard/Desktop/cp4/Yummy-Recipes-Reactjs/src/app/utils/localStorage.js
FN:2,(anonymous_0)
FN:4,(anonymous_1)
FN:7,(anonymous_2)
FN:10,(anonymous_3)
FNF:4
FNH:2
FNDA:1,(anonymous_0)
FNDA:2,(anonymous_1)
FNDA:0,(anonymous_2)
FNDA:0,(anonymous_3)
DA:1,1
DA:3,1
DA:5,2
DA:8,0
DA:11,0
DA:14,1
LF:6
LH:4
BRF:0
BRH:0
end_of_record
