TN:
SF:/Users/richard/Desktop/cp4/Yummy-Recipes-Reactjs/src/index.js
FN:8,_interopRequireDefault
FN:11,(anonymous_1)
FNF:2
FNH:0
FNDA:0,_interopRequireDefault
FNDA:0,(anonymous_1)
DA:1,0
DA:2,0
DA:3,0
DA:5,0
DA:6,0
DA:7,0
DA:8,0
DA:12,0
DA:31,0
LF:9
LH:0
BRDA:8,0,0,0
BRDA:8,0,1,0
BRDA:8,1,0,0
BRDA:8,1,1,0
BRF:4
BRH:0
end_of_record
TN:
SF:/Users/richard/Desktop/cp4/Yummy-Recipes-Reactjs/src/setupTests.js
FNF:0
FNH:0
DA:6,12
DA:8,12
DA:14,12
LF:3
LH:3
BRF:0
BRH:0
end_of_record
TN:
SF:/Users/richard/Desktop/cp4/Yummy-Recipes-Reactjs/src/app/components/category/AddCategory.js
FN:6,(anonymous_0)
FN:14,(anonymous_1)
FNF:2
FNH:1
FNDA:0,(anonymous_0)
FNDA:2,(anonymous_1)
DA:7,0
DA:8,0
DA:9,0
DA:10,0
DA:15,2
LF:5
LH:1
BRF:0
BRH:0
end_of_record
TN:
SF:/Users/richard/Desktop/cp4/Yummy-Recipes-Reactjs/src/app/components/category/CategoryReport.js
FN:11,(anonymous_0)
FN:24,(anonymous_1)
FN:36,(anonymous_2)
FN:46,(anonymous_3)
FN:59,(anonymous_4)
FN:66,(anonymous_5)
FN:70,(anonymous_6)
FN:75,(anonymous_7)
FN:80,(anonymous_8)
FN:87,(anonymous_9)
FN:89,(anonymous_10)
FN:137,(anonymous_11)
FNF:12
FNH:0
FNDA:0,(anonymous_0)
FNDA:0,(anonymous_1)
FNDA:0,(anonymous_2)
FNDA:0,(anonymous_3)
FNDA:0,(anonymous_4)
FNDA:0,(anonymous_5)
FNDA:0,(anonymous_6)
FNDA:0,(anonymous_7)
FNDA:0,(anonymous_8)
FNDA:0,(anonymous_9)
FNDA:0,(anonymous_10)
FNDA:0,(anonymous_11)
DA:7,2
DA:8,2
DA:12,0
DA:13,0
DA:14,0
DA:25,0
DA:26,0
DA:27,0
DA:28,0
DA:29,0
DA:30,0
DA:32,0
DA:34,0
DA:35,0
DA:37,0
DA:47,0
DA:48,0
DA:60,0
DA:61,0
DA:62,0
DA:67,0
DA:68,0
DA:70,0
DA:71,0
DA:73,0
DA:76,0
DA:81,0
DA:82,0
DA:83,0
DA:85,0
DA:88,0
DA:90,0
DA:92,0
DA:93,0
DA:94,0
DA:95,0
DA:106,0
DA:138,0
LF:38
LH:2
BRDA:27,0,0,0
BRDA:27,0,1,0
BRDA:29,1,0,0
BRDA:29,1,1,0
BRDA:29,2,0,0
BRDA:29,2,1,0
BRDA:47,3,0,0
BRDA:47,3,1,0
BRDA:67,4,0,0
BRDA:67,4,1,0
BRDA:82,5,0,0
BRDA:82,5,1,0
BRDA:88,6,0,0
BRDA:88,6,1,0
BRDA:93,7,0,0
BRDA:93,7,1,0
BRDA:96,8,0,0
BRDA:96,8,1,0
BRDA:99,9,0,0
BRDA:99,9,1,0
BRDA:108,10,0,0
BRDA:108,10,1,0
BRDA:247,11,0,0
BRDA:247,11,1,0
BRDA:251,12,0,0
BRDA:251,12,1,0
BRDA:255,13,0,0
BRDA:255,13,1,0
BRDA:263,14,0,0
BRDA:263,14,1,0
BRDA:267,15,0,0
BRDA:267,15,1,0
BRDA:269,16,0,0
BRDA:269,16,1,0
BRF:34
BRH:0
end_of_record
TN:
SF:/Users/richard/Desktop/cp4/Yummy-Recipes-Reactjs/src/app/components/home/Dashboard.js
FN:6,(anonymous_0)
FNF:1
FNH:1
FNDA:2,(anonymous_0)
DA:7,2
LF:1
LH:1
BRF:0
BRH:0
end_of_record
TN:
SF:/Users/richard/Desktop/cp4/Yummy-Recipes-Reactjs/src/app/components/home/DashboardWelcome.js
FN:6,(anonymous_0)
FNF:1
FNH:1
FNDA:2,(anonymous_0)
DA:7,2
LF:1
LH:1
BRF:0
BRH:0
end_of_record
TN:
SF:/Users/richard/Desktop/cp4/Yummy-Recipes-Reactjs/src/app/components/home/Footer.js
FN:4,(anonymous_0)
FNF:1
FNH:1
FNDA:2,(anonymous_0)
DA:5,2
LF:1
LH:1
BRF:0
BRH:0
end_of_record
TN:
SF:/Users/richard/Desktop/cp4/Yummy-Recipes-Reactjs/src/app/components/home/Header.js
FN:20,(anonymous_0)
FNF:1
FNH:1
FNDA:2,(anonymous_0)
DA:21,2
DA:22,2
DA:23,2
DA:25,2
LF:4
LH:4
BRDA:22,0,0,2
BRDA:22,0,1,0
BRF:2
BRH:1
end_of_record
TN:
SF:/Users/richard/Desktop/cp4/Yummy-Recipes-Reactjs/src/app/components/home/Home.js
FN:13,(anonymous_0)
FNF:1
FNH:1
FNDA:2,(anonymous_0)
DA:14,2
LF:1
LH:1
BRF:0
BRH:0
end_of_record
TN:
SF:/Users/richard/Desktop/cp4/Yummy-Recipes-Reactjs/src/app/components/recipes/AddRecipe.js
FN:11,(anonymous_0)
FN:16,(anonymous_1)
FN:20,(anonymous_2)
FN:23,(anonymous_3)
FN:29,(anonymous_4)
FN:38,(anonymous_5)
FN:55,(anonymous_6)
FNF:7
FNH:3
FNDA:2,(anonymous_0)
FNDA:2,(anonymous_1)
FNDA:0,(anonymous_2)
FNDA:0,(anonymous_3)
FNDA:0,(anonymous_4)
FNDA:2,(anonymous_5)
FNDA:0,(anonymous_6)
DA:7,3
DA:8,3
DA:12,2
DA:13,2
DA:14,2
DA:17,2
DA:18,2
DA:19,2
DA:21,0
DA:24,0
DA:25,0
DA:30,0
DA:31,0
DA:32,0
DA:34,0
DA:39,2
DA:56,0
LF:17
LH:9
BRDA:24,0,0,0
BRDA:24,0,1,0
BRDA:55,1,0,2
BRDA:55,1,1,0
BRF:4
BRH:1
end_of_record
TN:
SF:/Users/richard/Desktop/cp4/Yummy-Recipes-Reactjs/src/app/components/recipes/RecipeReport.js
FN:11,(anonymous_0)
FN:24,(anonymous_1)
FN:34,(anonymous_2)
FN:44,(anonymous_3)
FN:57,(anonymous_4)
FN:64,(anonymous_5)
FN:69,(anonymous_6)
FN:74,(anonymous_7)
FN:79,(anonymous_8)
FN:83,(anonymous_9)
FN:85,(anonymous_10)
FN:134,(anonymous_11)
FNF:12
FNH:3
FNDA:2,(anonymous_0)
FNDA:2,(anonymous_1)
FNDA:0,(anonymous_2)
FNDA:0,(anonymous_3)
FNDA:0,(anonymous_4)
FNDA:0,(anonymous_5)
FNDA:0,(anonymous_6)
FNDA:0,(anonymous_7)
FNDA:0,(anonymous_8)
FNDA:2,(anonymous_9)
FNDA:0,(anonymous_10)
FNDA:0,(anonymous_11)
DA:7,3
DA:8,3
DA:12,2
DA:13,2
DA:14,2
DA:25,2
DA:26,2
DA:27,2
DA:28,0
DA:30,2
DA:32,2
DA:33,2
DA:35,0
DA:45,0
DA:46,0
DA:58,0
DA:59,0
DA:60,0
DA:65,0
DA:66,0
DA:68,0
DA:70,0
DA:75,0
DA:80,0
DA:81,0
DA:84,2
DA:86,0
DA:88,2
DA:89,2
DA:90,0
DA:91,0
DA:102,2
DA:135,0
LF:33
LH:15
BRDA:27,0,0,0
BRDA:27,0,1,2
BRDA:27,1,0,2
BRDA:27,1,1,0
BRDA:45,2,0,0
BRDA:45,2,1,0
BRDA:65,3,0,0
BRDA:65,3,1,0
BRDA:84,4,0,2
BRDA:84,4,1,0
BRDA:89,5,0,0
BRDA:89,5,1,2
BRDA:92,6,0,0
BRDA:92,6,1,0
BRDA:95,7,0,0
BRDA:95,7,1,0
BRDA:104,8,0,2
BRDA:104,8,1,0
BRDA:131,9,0,2
BRDA:131,9,1,0
BRDA:243,10,0,0
BRDA:243,10,1,2
BRDA:246,11,0,0
BRDA:246,11,1,0
BRDA:250,12,0,0
BRDA:250,12,1,0
BRDA:254,13,0,0
BRDA:254,13,1,0
BRDA:262,14,0,0
BRDA:262,14,1,0
BRDA:265,15,0,0
BRDA:265,15,1,0
BRDA:267,16,0,0
BRDA:267,16,1,0
BRF:34
BRH:7
end_of_record
TN:
SF:/Users/richard/Desktop/cp4/Yummy-Recipes-Reactjs/src/app/components/user/DeleteAccount.js
FN:8,(anonymous_0)
FN:14,(anonymous_1)
FNF:2
FNH:0
FNDA:0,(anonymous_0)
FNDA:0,(anonymous_1)
DA:9,0
DA:10,0
DA:15,0
LF:3
LH:0
BRF:0
BRH:0
end_of_record
TN:
SF:/Users/richard/Desktop/cp4/Yummy-Recipes-Reactjs/src/app/components/user/Login.js
FN:10,(anonymous_0)
FNF:1
FNH:1
FNDA:2,(anonymous_0)
DA:11,2
LF:1
LH:1
BRF:0
BRH:0
end_of_record
TN:
SF:/Users/richard/Desktop/cp4/Yummy-Recipes-Reactjs/src/app/components/user/ResetPassword.js
FN:8,(anonymous_0)
FN:15,(anonymous_1)
FN:18,(anonymous_2)
FN:29,(anonymous_3)
FNF:4
FNH:1
FNDA:0,(anonymous_0)
FNDA:0,(anonymous_1)
FNDA:0,(anonymous_2)
FNDA:2,(anonymous_3)
DA:5,3
DA:9,0
DA:10,0
DA:11,0
DA:12,0
DA:13,0
DA:14,0
DA:16,0
DA:19,0
DA:20,0
DA:24,0
DA:26,0
DA:27,0
DA:30,2
LF:14
LH:2
BRDA:13,0,0,0
BRDA:13,0,1,0
BRDA:13,1,0,0
BRDA:13,1,1,0
BRDA:19,2,0,0
BRDA:19,2,1,0
BRF:6
BRH:0
end_of_record
TN:
SF:/Users/richard/Desktop/cp4/Yummy-Recipes-Reactjs/src/app/components/user/Signup.js
FN:9,(anonymous_0)
FNF:1
FNH:1
FNDA:2,(anonymous_0)
DA:10,2
LF:1
LH:1
BRF:0
BRH:0
end_of_record
TN:
SF:/Users/richard/Desktop/cp4/Yummy-Recipes-Reactjs/src/app/components/user/UserProfile.js
FN:12,(anonymous_0)
FN:17,(anonymous_1)
FN:21,(anonymous_2)
FN:24,(anonymous_3)
FN:30,(anonymous_4)
FNF:5
FNH:3
FNDA:2,(anonymous_0)
FNDA:2,(anonymous_1)
FNDA:0,(anonymous_2)
FNDA:0,(anonymous_3)
FNDA:2,(anonymous_4)
DA:8,3
DA:9,3
DA:13,2
DA:14,2
DA:15,2
DA:18,2
DA:19,2
DA:20,2
DA:22,0
DA:25,0
DA:26,0
DA:31,2
LF:12
LH:9
BRDA:25,0,0,0
BRDA:25,0,1,0
BRF:2
BRH:0
end_of_record
TN:
SF:/Users/richard/Desktop/cp4/Yummy-Recipes-Reactjs/src/app/controller/Category.js
FN:7,addCategory
FN:15,(anonymous_1)
FN:19,(anonymous_2)
FN:30,updateCategory
FN:38,(anonymous_4)
FN:41,(anonymous_5)
FN:45,getCategory
FN:57,(anonymous_7)
FN:62,(anonymous_8)
FN:70,searchCategory
FN:73,(anonymous_10)
FN:76,(anonymous_11)
FN:82,deleteCategory
FN:85,(anonymous_13)
FN:88,(anonymous_14)
FNF:15
FNH:0
FNDA:0,addCategory
FNDA:0,(anonymous_1)
FNDA:0,(anonymous_2)
FNDA:0,updateCategory
FNDA:0,(anonymous_4)
FNDA:0,(anonymous_5)
FNDA:0,getCategory
FNDA:0,(anonymous_7)
FNDA:0,(anonymous_8)
FNDA:0,searchCategory
FNDA:0,(anonymous_10)
FNDA:0,(anonymous_11)
FNDA:0,deleteCategory
FNDA:0,(anonymous_13)
FNDA:0,(anonymous_14)
DA:3,3
DA:4,3
DA:8,0
DA:9,0
DA:10,0
DA:11,0
DA:12,0
DA:13,0
DA:14,0
DA:16,0
DA:17,0
DA:20,0
DA:21,0
DA:25,0
DA:27,0
DA:28,0
DA:31,0
DA:32,0
DA:33,0
DA:34,0
DA:35,0
DA:36,0
DA:37,0
DA:39,0
DA:42,0
DA:46,0
DA:47,0
DA:48,0
DA:49,0
DA:50,0
DA:51,0
DA:52,0
DA:54,0
DA:56,0
DA:58,0
DA:59,0
DA:60,0
DA:63,0
DA:64,0
DA:65,0
DA:66,0
DA:71,0
DA:72,0
DA:74,0
DA:77,0
DA:78,0
DA:83,0
DA:84,0
DA:86,0
DA:89,0
DA:90,0
LF:51
LH:2
BRDA:13,0,0,0
BRDA:13,0,1,0
BRDA:13,1,0,0
BRDA:13,1,1,0
BRDA:20,2,0,0
BRDA:20,2,1,0
BRDA:48,3,0,0
BRDA:48,3,1,0
BRDA:50,4,0,0
BRDA:50,4,1,0
BRDA:50,5,0,0
BRDA:50,5,1,0
BRDA:63,6,0,0
BRDA:63,6,1,0
BRDA:77,7,0,0
BRDA:77,7,1,0
BRDA:89,8,0,0
BRDA:89,8,1,0
BRF:18
BRH:0
end_of_record
TN:
SF:/Users/richard/Desktop/cp4/Yummy-Recipes-Reactjs/src/app/controller/Recipes.js
FN:8,addRecipe
FN:17,(anonymous_1)
FN:20,(anonymous_2)
FN:31,updateRecipe
FN:39,(anonymous_4)
FN:42,(anonymous_5)
FN:46,getRecipe
FN:55,(anonymous_7)
FN:59,(anonymous_8)
FN:67,deleteRecipe
FN:70,(anonymous_10)
FN:73,(anonymous_11)
FNF:12
FNH:0
FNDA:0,addRecipe
FNDA:0,(anonymous_1)
FNDA:0,(anonymous_2)
FNDA:0,updateRecipe
FNDA:0,(anonymous_4)
FNDA:0,(anonymous_5)
FNDA:0,getRecipe
FNDA:0,(anonymous_7)
FNDA:0,(anonymous_8)
FNDA:0,deleteRecipe
FNDA:0,(anonymous_10)
FNDA:0,(anonymous_11)
DA:3,4
DA:4,4
DA:9,0
DA:10,0
DA:11,0
DA:12,0
DA:13,0
DA:14,0
DA:15,0
DA:16,0
DA:18,0
DA:21,0
DA:22,0
DA:26,0
DA:28,0
DA:29,0
DA:32,0
DA:33,0
DA:34,0
DA:35,0
DA:36,0
DA:37,0
DA:38,0
DA:40,0
DA:43,0
DA:47,0
DA:48,0
DA:49,0
DA:50,0
DA:52,0
DA:54,0
DA:56,0
DA:57,0
DA:60,0
DA:61,0
DA:62,0
DA:63,0
DA:68,0
DA:69,0
DA:71,0
DA:74,0
DA:75,0
LF:42
LH:2
BRDA:15,0,0,0
BRDA:15,0,1,0
BRDA:15,1,0,0
BRDA:15,1,1,0
BRDA:15,1,2,0
BRDA:21,2,0,0
BRDA:21,2,1,0
BRDA:49,3,0,0
BRDA:49,3,1,0
BRDA:49,4,0,0
BRDA:49,4,1,0
BRDA:60,5,0,0
BRDA:60,5,1,0
BRDA:74,6,0,0
BRDA:74,6,1,0
BRF:15
BRH:0
end_of_record
TN:
SF:/Users/richard/Desktop/cp4/Yummy-Recipes-Reactjs/src/app/controller/User.js
FN:6,registerUser
FN:15,(anonymous_1)
FN:19,(anonymous_2)
FN:32,getUser
FN:35,(anonymous_4)
FN:38,(anonymous_5)
FN:44,loginUser
FN:51,(anonymous_7)
FN:57,(anonymous_8)
FN:68,logoutUser
FN:71,(anonymous_10)
FN:83,(anonymous_11)
FN:89,deleteUser
FN:92,(anonymous_13)
FN:95,(anonymous_14)
FNF:15
FNH:0
FNDA:0,registerUser
FNDA:0,(anonymous_1)
FNDA:0,(anonymous_2)
FNDA:0,getUser
FNDA:0,(anonymous_4)
FNDA:0,(anonymous_5)
FNDA:0,loginUser
FNDA:0,(anonymous_7)
FNDA:0,(anonymous_8)
FNDA:0,logoutUser
FNDA:0,(anonymous_10)
FNDA:0,(anonymous_11)
FNDA:0,deleteUser
FNDA:0,(anonymous_13)
FNDA:0,(anonymous_14)
DA:3,4
DA:4,4
DA:7,0
DA:8,0
DA:9,0
DA:10,0
DA:11,0
DA:12,0
DA:13,0
DA:14,0
DA:16,0
DA:17,0
DA:20,0
DA:21,0
DA:25,0
DA:27,0
DA:28,0
DA:29,0
DA:30,0
DA:33,0
DA:34,0
DA:36,0
DA:39,0
DA:40,0
DA:45,0
DA:46,0
DA:47,0
DA:48,0
DA:49,0
DA:50,0
DA:52,0
DA:53,0
DA:54,0
DA:55,0
DA:58,0
DA:59,0
DA:63,0
DA:65,0
DA:66,0
DA:69,0
DA:70,0
DA:72,0
DA:73,0
DA:74,0
DA:75,0
DA:76,0
DA:77,0
DA:78,0
DA:79,0
DA:80,0
DA:81,0
DA:84,0
DA:85,0
DA:90,0
DA:91,0
DA:93,0
DA:96,0
DA:97,0
DA:98,0
LF:59
LH:2
BRDA:13,0,0,0
BRDA:13,0,1,0
BRDA:13,1,0,0
BRDA:13,1,1,0
BRDA:13,1,2,0
BRDA:13,1,3,0
BRDA:20,2,0,0
BRDA:20,2,1,0
BRDA:39,3,0,0
BRDA:39,3,1,0
BRDA:49,4,0,0
BRDA:49,4,1,0
BRDA:49,5,0,0
BRDA:49,5,1,0
BRDA:58,6,0,0
BRDA:58,6,1,0
BRDA:84,7,0,0
BRDA:84,7,1,0
BRDA:96,8,0,0
BRDA:96,8,1,0
BRF:20
BRH:0
end_of_record
